System check identified some issues:

WARNINGS:
?: (1_6.W001) Some project unittests may not execute as expected.
	HINT: Django 1.6 introduced a new default test runner. It looks like this project was generated using Django 1.5 or earlier. You should ensure your tests are all running & behaving as expected. See https://docs.djangoproject.com/en/dev/releases/1.6/#new-test-runner for more information.

System check identified 1 issue (0 silenced).
Error: That port is already in use.
System check identified some issues:

WARNINGS:
?: (1_6.W001) Some project unittests may not execute as expected.
	HINT: Django 1.6 introduced a new default test runner. It looks like this project was generated using Django 1.5 or earlier. You should ensure your tests are all running & behaving as expected. See https://docs.djangoproject.com/en/dev/releases/1.6/#new-test-runner for more information.

System check identified 1 issue (0 silenced).
[20/May/2015 10:34:29] "GET / HTTP/1.1" 200 3912
[20/May/2015 10:35:20] "GET / HTTP/1.1" 200 3912
[20/May/2015 10:35:22] "GET /heatmap.html HTTP/1.1" 200 7593
[20/May/2015 10:49:20] "GET /static/img/favicon.ico HTTP/1.1" 200 1406
[20/May/2015 10:49:27] "GET /heatmap.html HTTP/1.1" 200 7593
[20/May/2015 10:58:00] "GET / HTTP/1.1" 200 3912
[20/May/2015 10:58:02] "GET /circles.html HTTP/1.1" 200 6246
[20/May/2015 10:58:44] "GET / HTTP/1.1" 200 3912
[20/May/2015 10:58:44] "GET /static/css/bootstrap.min.css HTTP/1.1" 304 0
[20/May/2015 10:58:44] "GET /static/css/stylish-portfolio.css HTTP/1.1" 304 0
[20/May/2015 10:58:44] "GET /static/font-awesome/css/font-awesome.min.css HTTP/1.1" 304 0
[20/May/2015 10:58:44] "GET /static/js/jquery.js HTTP/1.1" 304 0
[20/May/2015 10:58:45] "GET /static/js/bootstrap.min.js HTTP/1.1" 304 0
[20/May/2015 10:58:45] "GET /static/img/bg.jpg HTTP/1.1" 304 0
[20/May/2015 10:58:49] "GET / HTTP/1.1" 200 3912
[20/May/2015 10:58:49] "GET /static/css/bootstrap.min.css HTTP/1.1" 304 0
[20/May/2015 10:58:49] "GET /static/css/stylish-portfolio.css HTTP/1.1" 304 0
[20/May/2015 10:58:49] "GET /static/font-awesome/css/font-awesome.min.css HTTP/1.1" 304 0
[20/May/2015 10:58:49] "GET /static/js/jquery.js HTTP/1.1" 304 0
[20/May/2015 10:58:49] "GET /static/js/bootstrap.min.js HTTP/1.1" 304 0
[20/May/2015 10:58:49] "GET /static/img/bg.jpg HTTP/1.1" 304 0
[20/May/2015 11:27:47] "GET / HTTP/1.1" 200 3912
[20/May/2015 11:27:47] "GET /static/css/stylish-portfolio.css HTTP/1.1" 200 3749
[20/May/2015 11:27:47] "GET /static/font-awesome/css/font-awesome.min.css HTTP/1.1" 200 21984
[20/May/2015 11:27:47] "GET /static/js/bootstrap.min.js HTTP/1.1" 200 35951
[20/May/2015 11:27:47] "GET /static/js/jquery.js HTTP/1.1" 200 95785
[20/May/2015 11:27:47] "GET /static/css/bootstrap.min.css HTTP/1.1" 200 117305
[20/May/2015 11:27:48] "GET /static/img/bg.jpg HTTP/1.1" 200 158488
[20/May/2015 11:27:48] "GET /static/font-awesome/fonts/fontawesome-webfont.woff?v=4.2.0 HTTP/1.1" 200 65452
[20/May/2015 11:27:54] "GET /circles.html HTTP/1.1" 200 6246
[20/May/2015 11:28:05] "GET /heatmap.html HTTP/1.1" 200 7593
[20/May/2015 12:13:29] "GET / HTTP/1.1" 200 3912
[20/May/2015 12:13:29] "GET /static/css/stylish-portfolio.css HTTP/1.1" 200 3749
[20/May/2015 12:13:29] "GET /static/font-awesome/css/font-awesome.min.css HTTP/1.1" 200 21984
[20/May/2015 12:13:29] "GET /static/js/bootstrap.min.js HTTP/1.1" 200 35951
[20/May/2015 12:13:29] "GET /static/css/bootstrap.min.css HTTP/1.1" 200 117305
[20/May/2015 12:13:29] "GET /static/js/jquery.js HTTP/1.1" 200 95785
[20/May/2015 12:13:29] "GET /static/font-awesome/fonts/fontawesome-webfont.woff?v=4.2.0 HTTP/1.1" 200 65452
[20/May/2015 12:13:29] "GET /static/img/bg.jpg HTTP/1.1" 200 158488
[20/May/2015 12:13:29] "GET /static/img/favicon.ico HTTP/1.1" 200 1406
[20/May/2015 12:14:13] "GET / HTTP/1.1" 200 3912
[20/May/2015 12:14:13] "GET /static/css/bootstrap.min.css HTTP/1.1" 304 0
[20/May/2015 12:14:13] "GET /static/css/stylish-portfolio.css HTTP/1.1" 304 0
[20/May/2015 12:14:13] "GET /static/js/bootstrap.min.js HTTP/1.1" 304 0
[20/May/2015 12:14:13] "GET /static/font-awesome/css/font-awesome.min.css HTTP/1.1" 304 0
[20/May/2015 12:14:13] "GET /static/js/jquery.js HTTP/1.1" 304 0
[20/May/2015 12:14:13] "GET /static/img/bg.jpg HTTP/1.1" 304 0
[20/May/2015 12:14:16] "GET / HTTP/1.1" 200 3912
[20/May/2015 12:14:21] "GET /circles.html HTTP/1.1" 200 6246
[20/May/2015 12:14:32] "GET /heatmap.html HTTP/1.1" 200 7593
[20/May/2015 12:14:38] "GET /heatmap.html HTTP/1.1" 200 7593
[20/May/2015 12:16:09] "GET /heatmap.html HTTP/1.1" 200 7593
[20/May/2015 12:16:49] "GET /heatmap.html HTTP/1.1" 200 7593
[20/May/2015 12:16:51] "GET /static/img/favicon.ico HTTP/1.1" 200 1406
[20/May/2015 12:16:57] "GET / HTTP/1.1" 200 3912
[20/May/2015 12:16:57] "GET / HTTP/1.1" 200 3912
[20/May/2015 12:16:57] "GET /static/font-awesome/css/font-awesome.min.css HTTP/1.1" 200 21984
[20/May/2015 12:16:57] "GET /static/css/stylish-portfolio.css HTTP/1.1" 200 3749
[20/May/2015 12:16:57] "GET /static/css/bootstrap.min.css HTTP/1.1" 200 117305
[20/May/2015 12:16:57] "GET /static/js/bootstrap.min.js HTTP/1.1" 200 35951
[20/May/2015 12:16:58] "GET /static/js/jquery.js HTTP/1.1" 200 95785
[20/May/2015 12:16:58] "GET /static/font-awesome/fonts/fontawesome-webfont.woff?v=4.2.0 HTTP/1.1" 200 65452
[20/May/2015 12:16:58] "GET /static/img/bg.jpg HTTP/1.1" 200 158488
[20/May/2015 12:17:35] "GET /circles.html HTTP/1.1" 200 6246
[20/May/2015 12:19:25] "GET /circles.html HTTP/1.1" 200 6246
[20/May/2015 12:19:28] "GET /circles.html HTTP/1.1" 200 6246
[20/May/2015 12:19:38] "GET /circles.html HTTP/1.1" 200 6246
[20/May/2015 12:22:54] "GET /heatmap.html HTTP/1.1" 200 7593
[20/May/2015 16:18:22] "GET / HTTP/1.1" 200 3912
[20/May/2015 16:18:23] "GET /static/css/stylish-portfolio.css HTTP/1.1" 200 3749
[20/May/2015 16:18:24] "GET /static/font-awesome/css/font-awesome.min.css HTTP/1.1" 200 21984
[20/May/2015 16:18:24] "GET /static/js/bootstrap.min.js HTTP/1.1" 200 35951
[20/May/2015 16:18:25] "GET /static/js/jquery.js HTTP/1.1" 200 95785
[20/May/2015 16:18:25] "GET /static/css/bootstrap.min.css HTTP/1.1" 200 117305
[20/May/2015 16:18:26] "GET /static/font-awesome/fonts/fontawesome-webfont.woff?v=4.2.0 HTTP/1.1" 200 65452
[20/May/2015 16:18:26] "GET /static/img/bg.jpg HTTP/1.1" 200 158488
[20/May/2015 16:18:27] "GET /static/img/favicon.ico HTTP/1.1" 200 1406
[20/May/2015 16:18:30] "GET /heatmap.html HTTP/1.1" 200 7593
[20/May/2015 16:18:58] "GET /circles.html HTTP/1.1" 200 6246
[21/May/2015 03:15:44] "GET / HTTP/1.1" 200 3912
[21/May/2015 03:15:45] "GET /static/css/bootstrap.min.css HTTP/1.1" 304 0
[21/May/2015 03:15:45] "GET /static/css/stylish-portfolio.css HTTP/1.1" 304 0
[21/May/2015 03:15:45] "GET /static/js/jquery.js HTTP/1.1" 304 0
[21/May/2015 03:15:45] "GET /static/js/bootstrap.min.js HTTP/1.1" 304 0
[21/May/2015 03:15:45] "GET /static/img/bg.jpg HTTP/1.1" 304 0
[21/May/2015 03:15:45] "GET /static/img/favicon.ico HTTP/1.1" 304 0
[21/May/2015 03:15:47] "GET /heatmap.html HTTP/1.1" 200 7593
[21/May/2015 08:54:20] "GET /heatmap.html HTTP/1.1" 200 7593
[21/May/2015 17:36:54] "GET /heatmap.html HTTP/1.1" 200 7593
[21/May/2015 19:08:08] "GET http://testp1.piwo.pila.pl/testproxy.php HTTP/1.1" 404 1715
[22/May/2015 02:07:06] "GET / HTTP/1.1" 200 3912
[22/May/2015 02:07:06] "GET /static/css/stylish-portfolio.css HTTP/1.1" 200 3749
[22/May/2015 02:07:06] "GET /static/js/bootstrap.min.js HTTP/1.1" 200 35951
[22/May/2015 02:07:06] "GET /static/font-awesome/css/font-awesome.min.css HTTP/1.1" 200 21984
[22/May/2015 02:07:06] "GET /static/img/favicon.ico HTTP/1.1" 200 1406
[22/May/2015 02:07:06] "GET /static/js/jquery.js HTTP/1.1" 200 95785
[22/May/2015 02:07:06] "GET /static/css/bootstrap.min.css HTTP/1.1" 200 117305
[22/May/2015 02:07:06] "GET /static/img/bg.jpg HTTP/1.1" 200 158488
[22/May/2015 02:07:06] "GET /static/font-awesome/fonts/fontawesome-webfont.woff?v=4.2.0 HTTP/1.1" 200 65452
[22/May/2015 02:07:08] "GET /circles.html HTTP/1.1" 200 6246
[22/May/2015 02:07:09] "GET /favicon.ico HTTP/1.1" 301 0
[22/May/2015 02:07:09] "GET /favicon.ico/ HTTP/1.1" 302 0
[22/May/2015 02:07:09] "GET /favicon.ico/static/img/favicon.ico HTTP/1.1" 404 2508
[22/May/2015 02:07:10] "GET /heatmap.html HTTP/1.1" 200 7593
[22/May/2015 02:07:24] "GET /circles.html HTTP/1.1" 200 6246
[22/May/2015 02:08:18] "GET /circles.html HTTP/1.1" 200 6246
[22/May/2015 02:15:38] "GET /circles.html HTTP/1.1" 200 6246
[22/May/2015 02:15:41] "GET /heatmap.html HTTP/1.1" 200 7593
[22/May/2015 02:16:26] "GET /circles.html HTTP/1.1" 200 6246
[22/May/2015 02:17:32] "GET / HTTP/1.1" 200 4031
[22/May/2015 02:17:33] "GET /static/css/stylish-portfolio.css HTTP/1.1" 304 0
[22/May/2015 02:17:33] "GET /static/font-awesome/css/font-awesome.min.css HTTP/1.1" 304 0
[22/May/2015 02:17:33] "GET /static/css/bootstrap.min.css HTTP/1.1" 304 0
[22/May/2015 02:17:33] "GET /static/js/jquery.js HTTP/1.1" 304 0
[22/May/2015 02:17:33] "GET /static/js/bootstrap.min.js HTTP/1.1" 304 0
[22/May/2015 02:17:33] "GET /static/img/bg.jpg HTTP/1.1" 304 0
[22/May/2015 02:18:04] "GET / HTTP/1.1" 200 4037
[22/May/2015 02:18:04] "GET /static/css/bootstrap.min.css HTTP/1.1" 304 0
[22/May/2015 02:18:04] "GET /static/font-awesome/css/font-awesome.min.css HTTP/1.1" 304 0
[22/May/2015 02:18:04] "GET /static/css/stylish-portfolio.css HTTP/1.1" 304 0
[22/May/2015 02:18:04] "GET /static/js/jquery.js HTTP/1.1" 304 0
[22/May/2015 02:18:04] "GET /static/js/bootstrap.min.js HTTP/1.1" 304 0
[22/May/2015 02:18:04] "GET /static/img/bg.jpg HTTP/1.1" 304 0
[22/May/2015 02:18:14] "GET / HTTP/1.1" 200 4037
[22/May/2015 02:18:14] "GET /static/font-awesome/css/font-awesome.min.css HTTP/1.1" 304 0
[22/May/2015 02:18:14] "GET /static/js/bootstrap.min.js HTTP/1.1" 304 0
[22/May/2015 02:18:14] "GET /static/css/stylish-portfolio.css HTTP/1.1" 304 0
[22/May/2015 02:18:14] "GET /static/css/bootstrap.min.css HTTP/1.1" 304 0
[22/May/2015 02:18:14] "GET /static/js/jquery.js HTTP/1.1" 304 0
[22/May/2015 02:18:14] "GET /static/img/bg.jpg HTTP/1.1" 304 0
[22/May/2015 02:18:47] "GET / HTTP/1.1" 200 4044
[22/May/2015 02:18:47] "GET /static/js/bootstrap.min.js HTTP/1.1" 304 0
[22/May/2015 02:18:47] "GET /static/css/stylish-portfolio.css HTTP/1.1" 304 0
[22/May/2015 02:18:47] "GET /static/css/bootstrap.min.css HTTP/1.1" 304 0
[22/May/2015 02:18:47] "GET /static/js/jquery.js HTTP/1.1" 304 0
[22/May/2015 02:18:47] "GET /static/font-awesome/css/font-awesome.min.css HTTP/1.1" 304 0
[22/May/2015 02:18:47] "GET /static/img/bg.jpg HTTP/1.1" 304 0
[22/May/2015 02:21:24] "GET / HTTP/1.1" 200 4124
[22/May/2015 02:21:24] "GET /static/css/bootstrap.min.css HTTP/1.1" 304 0
[22/May/2015 02:21:24] "GET /static/css/stylish-portfolio.css HTTP/1.1" 304 0
[22/May/2015 02:21:24] "GET /static/css/ownStyle.css HTTP/1.1" 200 0
[22/May/2015 02:21:24] "GET /static/font-awesome/css/font-awesome.min.css HTTP/1.1" 304 0
[22/May/2015 02:21:24] "GET /static/js/jquery.js HTTP/1.1" 304 0
[22/May/2015 02:21:24] "GET /static/js/bootstrap.min.js HTTP/1.1" 304 0
[22/May/2015 02:21:24] "GET /static/img/bg.jpg HTTP/1.1" 304 0
[22/May/2015 02:21:26] "GET / HTTP/1.1" 200 4124
[22/May/2015 02:21:26] "GET /static/css/bootstrap.min.css HTTP/1.1" 304 0
[22/May/2015 02:21:26] "GET /static/css/stylish-portfolio.css HTTP/1.1" 304 0
[22/May/2015 02:21:26] "GET /static/css/ownStyle.css HTTP/1.1" 304 0
[22/May/2015 02:21:26] "GET /static/font-awesome/css/font-awesome.min.css HTTP/1.1" 304 0
[22/May/2015 02:21:26] "GET /static/js/jquery.js HTTP/1.1" 304 0
[22/May/2015 02:21:26] "GET /static/js/bootstrap.min.js HTTP/1.1" 304 0
[22/May/2015 02:21:26] "GET /static/img/bg.jpg HTTP/1.1" 304 0
[22/May/2015 02:21:29] "GET / HTTP/1.1" 200 4124
[22/May/2015 02:21:29] "GET /static/css/stylish-portfolio.css HTTP/1.1" 304 0
[22/May/2015 02:21:29] "GET /static/css/ownStyle.css HTTP/1.1" 304 0
[22/May/2015 02:21:29] "GET /static/css/bootstrap.min.css HTTP/1.1" 304 0
[22/May/2015 02:21:29] "GET /static/font-awesome/css/font-awesome.min.css HTTP/1.1" 304 0
[22/May/2015 02:21:29] "GET /static/js/jquery.js HTTP/1.1" 304 0
[22/May/2015 02:21:29] "GET /static/js/bootstrap.min.js HTTP/1.1" 304 0
[22/May/2015 02:21:29] "GET /static/img/bg.jpg HTTP/1.1" 304 0
[22/May/2015 02:24:01] "GET / HTTP/1.1" 200 4124
[22/May/2015 02:24:01] "GET /static/css/stylish-portfolio.css HTTP/1.1" 304 0
[22/May/2015 02:24:01] "GET /static/js/jquery.js HTTP/1.1" 304 0
[22/May/2015 02:24:01] "GET /static/font-awesome/css/font-awesome.min.css HTTP/1.1" 304 0
[22/May/2015 02:24:01] "GET /static/css/bootstrap.min.css HTTP/1.1" 304 0
[22/May/2015 02:24:01] "GET /static/js/bootstrap.min.js HTTP/1.1" 304 0
[22/May/2015 02:24:01] "GET /static/css/ownStyle.css HTTP/1.1" 304 0
[22/May/2015 02:24:02] "GET /static/img/bg.jpg HTTP/1.1" 304 0
[22/May/2015 02:26:44] "GET / HTTP/1.1" 200 4124
[22/May/2015 02:26:44] "GET /static/css/bootstrap.min.css HTTP/1.1" 304 0
[22/May/2015 02:26:44] "GET /static/css/stylish-portfolio.css HTTP/1.1" 200 3751
[22/May/2015 02:26:44] "GET /static/font-awesome/css/font-awesome.min.css HTTP/1.1" 304 0
[22/May/2015 02:26:44] "GET /static/js/jquery.js HTTP/1.1" 304 0
[22/May/2015 02:26:44] "GET /static/js/bootstrap.min.js HTTP/1.1" 304 0
[22/May/2015 02:26:44] "GET /static/css/ownStyle.css HTTP/1.1" 304 0
[22/May/2015 02:26:44] "GET /static/img/bg2.jpg HTTP/1.1" 200 260582
[22/May/2015 02:27:38] "GET / HTTP/1.1" 200 4124
[22/May/2015 02:27:38] "GET /static/js/jquery.js HTTP/1.1" 304 0
[22/May/2015 02:27:38] "GET /static/css/bootstrap.min.css HTTP/1.1" 304 0
[22/May/2015 02:27:38] "GET /static/js/bootstrap.min.js HTTP/1.1" 304 0
[22/May/2015 02:27:38] "GET /static/font-awesome/css/font-awesome.min.css HTTP/1.1" 304 0
[22/May/2015 02:27:38] "GET /static/css/stylish-portfolio.css HTTP/1.1" 200 3750
[22/May/2015 02:27:38] "GET /static/css/ownStyle.css HTTP/1.1" 304 0
[22/May/2015 02:27:39] "GET /static/img/bg2.jpg HTTP/1.1" 304 0
[22/May/2015 02:27:59] "GET / HTTP/1.1" 200 4124
[22/May/2015 02:27:59] "GET /static/css/stylish-portfolio.css HTTP/1.1" 200 3750
[22/May/2015 02:27:59] "GET /static/css/ownStyle.css HTTP/1.1" 200 0
[22/May/2015 02:27:59] "GET /static/js/jquery.js HTTP/1.1" 200 95785
[22/May/2015 02:27:59] "GET /static/css/bootstrap.min.css HTTP/1.1" 200 117305
[22/May/2015 02:27:59] "GET /static/font-awesome/css/font-awesome.min.css HTTP/1.1" 200 21984
[22/May/2015 02:27:59] "GET /static/js/bootstrap.min.js HTTP/1.1" 200 35951
[22/May/2015 02:27:59] "GET /static/font-awesome/fonts/fontawesome-webfont.woff?v=4.2.0 HTTP/1.1" 200 65452
[22/May/2015 02:27:59] "GET /static/img/bg2.jpg HTTP/1.1" 200 260582
[22/May/2015 02:27:59] "GET /static/img/favicon.ico HTTP/1.1" 200 1406
[22/May/2015 02:28:05] "GET /static/css/stylish-portfolio.css HTTP/1.1" 304 0
[22/May/2015 02:29:04] "GET / HTTP/1.1" 200 4124
[22/May/2015 02:29:04] "GET /static/css/bootstrap.min.css HTTP/1.1" 304 0
[22/May/2015 02:29:04] "GET /static/css/stylish-portfolio.css HTTP/1.1" 304 0
[22/May/2015 02:29:04] "GET /static/font-awesome/css/font-awesome.min.css HTTP/1.1" 304 0
[22/May/2015 02:29:04] "GET /static/css/ownStyle.css HTTP/1.1" 304 0
[22/May/2015 02:29:04] "GET /static/js/jquery.js HTTP/1.1" 304 0
[22/May/2015 02:29:04] "GET /static/js/bootstrap.min.js HTTP/1.1" 304 0
[22/May/2015 02:29:04] "GET /static/img/bg2.jpg HTTP/1.1" 200 484727
[22/May/2015 02:29:05] "GET / HTTP/1.1" 200 4124
[22/May/2015 02:29:05] "GET /static/css/stylish-portfolio.css HTTP/1.1" 304 0
[22/May/2015 02:29:05] "GET /static/css/bootstrap.min.css HTTP/1.1" 304 0
[22/May/2015 02:29:05] "GET /static/css/ownStyle.css HTTP/1.1" 304 0
[22/May/2015 02:29:05] "GET /static/font-awesome/css/font-awesome.min.css HTTP/1.1" 304 0
[22/May/2015 02:29:05] "GET /static/js/jquery.js HTTP/1.1" 304 0
[22/May/2015 02:29:05] "GET /static/js/bootstrap.min.js HTTP/1.1" 304 0
[22/May/2015 02:29:05] "GET /static/img/bg2.jpg HTTP/1.1" 304 0
[22/May/2015 02:29:05] "GET / HTTP/1.1" 200 4124
[22/May/2015 02:29:05] "GET /static/js/jquery.js HTTP/1.1" 304 0
[22/May/2015 02:29:05] "GET /static/font-awesome/css/font-awesome.min.css HTTP/1.1" 304 0
[22/May/2015 02:29:05] "GET /static/css/ownStyle.css HTTP/1.1" 304 0
[22/May/2015 02:29:05] "GET /static/css/stylish-portfolio.css HTTP/1.1" 304 0
[22/May/2015 02:29:05] "GET /static/css/bootstrap.min.css HTTP/1.1" 304 0
[22/May/2015 02:29:05] "GET /static/js/bootstrap.min.js HTTP/1.1" 304 0
[22/May/2015 02:29:05] "GET /static/img/bg2.jpg HTTP/1.1" 304 0
[22/May/2015 02:33:17] "GET / HTTP/1.1" 200 4124
[22/May/2015 02:33:17] "GET /static/css/bootstrap.min.css HTTP/1.1" 304 0
[22/May/2015 02:33:17] "GET /static/css/stylish-portfolio.css HTTP/1.1" 200 3750
[22/May/2015 02:33:17] "GET /static/font-awesome/css/font-awesome.min.css HTTP/1.1" 304 0
[22/May/2015 02:33:17] "GET /static/js/jquery.js HTTP/1.1" 304 0
[22/May/2015 02:33:17] "GET /static/js/bootstrap.min.js HTTP/1.1" 304 0
[22/May/2015 02:33:17] "GET /static/css/ownStyle.css HTTP/1.1" 304 0
[22/May/2015 02:33:17] "GET /static/img/bg2.jpg HTTP/1.1" 304 0
[22/May/2015 02:34:34] "GET / HTTP/1.1" 200 4124
[22/May/2015 02:34:34] "GET /static/css/bootstrap.min.css HTTP/1.1" 304 0
[22/May/2015 02:34:34] "GET /static/css/stylish-portfolio.css HTTP/1.1" 304 0
[22/May/2015 02:34:34] "GET /static/font-awesome/css/font-awesome.min.css HTTP/1.1" 304 0
[22/May/2015 02:34:34] "GET /static/js/jquery.js HTTP/1.1" 304 0
[22/May/2015 02:34:34] "GET /static/js/bootstrap.min.js HTTP/1.1" 304 0
[22/May/2015 02:34:34] "GET /static/css/ownStyle.css HTTP/1.1" 304 0
[22/May/2015 02:34:34] "GET /static/img/bg2.jpg HTTP/1.1" 304 0
[22/May/2015 02:34:51] "GET / HTTP/1.1" 200 4124
[22/May/2015 02:34:51] "GET /static/css/stylish-portfolio.css HTTP/1.1" 200 3750
[22/May/2015 02:34:51] "GET /static/css/ownStyle.css HTTP/1.1" 304 0
[22/May/2015 02:34:51] "GET /static/css/bootstrap.min.css HTTP/1.1" 304 0
[22/May/2015 02:34:51] "GET /static/font-awesome/css/font-awesome.min.css HTTP/1.1" 304 0
[22/May/2015 02:34:51] "GET /static/js/jquery.js HTTP/1.1" 304 0
[22/May/2015 02:34:51] "GET /static/js/bootstrap.min.js HTTP/1.1" 304 0
[22/May/2015 02:34:51] "GET /static/img/bg2.jpg HTTP/1.1" 304 0
[22/May/2015 02:35:05] "GET / HTTP/1.1" 200 4124
[22/May/2015 02:35:05] "GET /static/css/bootstrap.min.css HTTP/1.1" 304 0
[22/May/2015 02:35:05] "GET /static/css/stylish-portfolio.css HTTP/1.1" 200 3780
[22/May/2015 02:35:05] "GET /static/css/ownStyle.css HTTP/1.1" 304 0
[22/May/2015 02:35:05] "GET /static/font-awesome/css/font-awesome.min.css HTTP/1.1" 304 0
[22/May/2015 02:35:05] "GET /static/js/jquery.js HTTP/1.1" 304 0
[22/May/2015 02:35:05] "GET /static/js/bootstrap.min.js HTTP/1.1" 304 0
[22/May/2015 02:35:05] "GET /static/img/bg2.jpg HTTP/1.1" 304 0
[22/May/2015 02:35:12] "GET / HTTP/1.1" 200 4124
[22/May/2015 02:35:12] "GET /static/css/bootstrap.min.css HTTP/1.1" 304 0
[22/May/2015 02:35:12] "GET /static/css/ownStyle.css HTTP/1.1" 304 0
[22/May/2015 02:35:12] "GET /static/css/stylish-portfolio.css HTTP/1.1" 200 3780
[22/May/2015 02:35:12] "GET /static/font-awesome/css/font-awesome.min.css HTTP/1.1" 304 0
[22/May/2015 02:35:12] "GET /static/js/jquery.js HTTP/1.1" 304 0
[22/May/2015 02:35:12] "GET /static/js/bootstrap.min.js HTTP/1.1" 304 0
[22/May/2015 02:35:12] "GET /static/img/bg2.jpg HTTP/1.1" 304 0
[22/May/2015 02:35:12] "GET / HTTP/1.1" 200 4124
[22/May/2015 02:35:12] "GET /static/css/bootstrap.min.css HTTP/1.1" 304 0
[22/May/2015 02:35:12] "GET /static/js/jquery.js HTTP/1.1" 304 0
[22/May/2015 02:35:12] "GET /static/js/bootstrap.min.js HTTP/1.1" 304 0
[22/May/2015 02:35:12] "GET /static/css/ownStyle.css HTTP/1.1" 304 0
[22/May/2015 02:35:12] "GET /static/css/stylish-portfolio.css HTTP/1.1" 304 0
[22/May/2015 02:35:12] "GET /static/font-awesome/css/font-awesome.min.css HTTP/1.1" 304 0
[22/May/2015 02:35:12] "GET /static/img/bg2.jpg HTTP/1.1" 304 0
[22/May/2015 02:35:12] "GET / HTTP/1.1" 200 4124
[22/May/2015 02:35:12] "GET /static/css/bootstrap.min.css HTTP/1.1" 304 0
[22/May/2015 02:35:12] "GET /static/css/ownStyle.css HTTP/1.1" 304 0
[22/May/2015 02:35:12] "GET /static/css/stylish-portfolio.css HTTP/1.1" 304 0
[22/May/2015 02:35:12] "GET /static/font-awesome/css/font-awesome.min.css HTTP/1.1" 304 0
[22/May/2015 02:35:12] "GET /static/js/bootstrap.min.js HTTP/1.1" 304 0
[22/May/2015 02:35:12] "GET /static/js/jquery.js HTTP/1.1" 304 0
[22/May/2015 02:35:12] "GET /static/img/bg2.jpg HTTP/1.1" 304 0
[22/May/2015 02:36:44] "GET / HTTP/1.1" 200 4124
[22/May/2015 02:36:44] "GET /static/css/stylish-portfolio.css HTTP/1.1" 200 3750
[22/May/2015 02:36:44] "GET /static/css/bootstrap.min.css HTTP/1.1" 304 0
[22/May/2015 02:36:44] "GET /static/font-awesome/css/font-awesome.min.css HTTP/1.1" 304 0
[22/May/2015 02:36:44] "GET /static/js/jquery.js HTTP/1.1" 304 0
[22/May/2015 02:36:44] "GET /static/css/ownStyle.css HTTP/1.1" 200 58
[22/May/2015 02:36:44] "GET /static/js/bootstrap.min.js HTTP/1.1" 304 0
[22/May/2015 02:36:44] "GET /static/img/bg2.jpg HTTP/1.1" 304 0
[22/May/2015 02:36:59] "GET / HTTP/1.1" 200 4124
[22/May/2015 02:38:01] "GET / HTTP/1.1" 200 4044
[22/May/2015 02:38:02] "GET /static/css/stylish-portfolio.css HTTP/1.1" 304 0
[22/May/2015 02:38:02] "GET /static/css/bootstrap.min.css HTTP/1.1" 304 0
[22/May/2015 02:38:02] "GET /static/font-awesome/css/font-awesome.min.css HTTP/1.1" 304 0
[22/May/2015 02:38:02] "GET /static/js/jquery.js HTTP/1.1" 304 0
[22/May/2015 02:38:02] "GET /static/js/bootstrap.min.js HTTP/1.1" 304 0
[22/May/2015 02:38:02] "GET /static/img/bg2.jpg HTTP/1.1" 304 0
[22/May/2015 02:38:02] "GET / HTTP/1.1" 200 4044
[22/May/2015 02:38:26] "GET / HTTP/1.1" 200 4044
[22/May/2015 02:38:26] "GET /static/css/bootstrap.min.css HTTP/1.1" 304 0
[22/May/2015 02:38:26] "GET /static/font-awesome/css/font-awesome.min.css HTTP/1.1" 304 0
[22/May/2015 02:38:26] "GET /static/css/stylish-portfolio.css HTTP/1.1" 200 3770
[22/May/2015 02:38:26] "GET /static/js/jquery.js HTTP/1.1" 304 0
[22/May/2015 02:38:26] "GET /static/js/bootstrap.min.js HTTP/1.1" 304 0
[22/May/2015 02:38:26] "GET /static/img/bg2.jpg HTTP/1.1" 304 0
[22/May/2015 02:38:26] "GET / HTTP/1.1" 200 4044
[22/May/2015 02:39:03] "GET / HTTP/1.1" 200 4044
[22/May/2015 02:39:03] "GET /static/css/bootstrap.min.css HTTP/1.1" 304 0
[22/May/2015 02:39:03] "GET /static/css/stylish-portfolio.css HTTP/1.1" 200 3753
[22/May/2015 02:39:03] "GET /static/font-awesome/css/font-awesome.min.css HTTP/1.1" 304 0
[22/May/2015 02:39:03] "GET /static/js/jquery.js HTTP/1.1" 304 0
[22/May/2015 02:39:03] "GET /static/js/bootstrap.min.js HTTP/1.1" 304 0
[22/May/2015 02:39:03] "GET /static/img/bg2.jpg HTTP/1.1" 304 0
[22/May/2015 02:39:03] "GET / HTTP/1.1" 200 4044
[22/May/2015 02:39:18] "GET / HTTP/1.1" 200 4044
[22/May/2015 02:39:18] "GET /static/css/bootstrap.min.css HTTP/1.1" 304 0
[22/May/2015 02:39:18] "GET /static/font-awesome/css/font-awesome.min.css HTTP/1.1" 304 0
[22/May/2015 02:39:18] "GET /static/js/bootstrap.min.js HTTP/1.1" 304 0
[22/May/2015 02:39:18] "GET /static/css/stylish-portfolio.css HTTP/1.1" 200 3755
[22/May/2015 02:39:18] "GET /static/js/jquery.js HTTP/1.1" 304 0
[22/May/2015 02:39:18] "GET /static/img/bg2.jpg HTTP/1.1" 304 0
[22/May/2015 02:39:18] "GET / HTTP/1.1" 200 4044
[22/May/2015 02:39:25] "GET / HTTP/1.1" 200 4044
[22/May/2015 02:39:25] "GET /static/css/bootstrap.min.css HTTP/1.1" 304 0
[22/May/2015 02:39:25] "GET /static/css/stylish-portfolio.css HTTP/1.1" 200 3749
[22/May/2015 02:39:25] "GET /static/font-awesome/css/font-awesome.min.css HTTP/1.1" 304 0
[22/May/2015 02:39:25] "GET /static/js/jquery.js HTTP/1.1" 304 0
[22/May/2015 02:39:25] "GET /static/js/bootstrap.min.js HTTP/1.1" 304 0
[22/May/2015 02:39:25] "GET /static/img/bg2.jpg HTTP/1.1" 304 0
[22/May/2015 02:39:26] "GET / HTTP/1.1" 200 4044
[22/May/2015 02:39:33] "GET /circles.html HTTP/1.1" 200 6246
[22/May/2015 02:39:37] "GET /heatmap.html HTTP/1.1" 200 7593
[22/May/2015 02:41:25] "GET / HTTP/1.1" 200 4119
[22/May/2015 02:41:25] "GET /static/font-awesome/css/font-awesome.min.css HTTP/1.1" 304 0
[22/May/2015 02:41:25] "GET /static/css/bootstrap.min.css HTTP/1.1" 304 0
[22/May/2015 02:41:25] "GET /static/js/jquery.js HTTP/1.1" 304 0
[22/May/2015 02:41:25] "GET /static/js/bootstrap.min.js HTTP/1.1" 304 0
[22/May/2015 02:41:25] "GET /static/css/stylish-portfolio.css HTTP/1.1" 304 0
[22/May/2015 02:41:25] "GET /static/img/bg2.jpg HTTP/1.1" 304 0
Performing system checks...

May 20, 2015 - 10:34:20
Django version 1.7.8, using settings 'aprilvis.settings.development'
Starting development server at http://0.0.0.0:8888/
Quit the server with CONTROL-C.
System check identified some issues:

WARNINGS:
?: (1_6.W001) Some project unittests may not execute as expected.
	HINT: Django 1.6 introduced a new default test runner. It looks like this project was generated using Django 1.5 or earlier. You should ensure your tests are all running & behaving as expected. See https://docs.djangoproject.com/en/dev/releases/1.6/#new-test-runner for more information.

System check identified 1 issue (0 silenced).
[22/May/2015 02:43:28] "GET / HTTP/1.1" 200 4119
[22/May/2015 02:43:28] "GET /static/js/jquery.js HTTP/1.1" 304 0
[22/May/2015 02:43:28] "GET /static/font-awesome/css/font-awesome.min.css HTTP/1.1" 304 0
[22/May/2015 02:43:28] "GET /static/css/stylish-portfolio.css HTTP/1.1" 200 3749
[22/May/2015 02:43:28] "GET /static/css/bootstrap.min.css HTTP/1.1" 304 0
[22/May/2015 02:43:28] "GET /static/js/bootstrap.min.js HTTP/1.1" 304 0
[22/May/2015 02:43:29] "GET /static/font-awesome/fonts/fontawesome-webfont.woff?v=4.2.0 HTTP/1.1" 304 0
[22/May/2015 02:43:29] "GET /static/img/bg2.jpg HTTP/1.1" 200 484727
[22/May/2015 02:43:53] "GET / HTTP/1.1" 200 4119
[22/May/2015 02:43:53] "GET /static/css/stylish-portfolio.css HTTP/1.1" 304 0
[22/May/2015 02:43:53] "GET /static/img/bg2.jpg HTTP/1.1" 304 0
[22/May/2015 02:43:56] "GET / HTTP/1.1" 200 4119
[22/May/2015 02:43:56] "GET /static/css/stylish-portfolio.css HTTP/1.1" 304 0
[22/May/2015 02:43:56] "GET /static/css/bootstrap.min.css HTTP/1.1" 304 0
[22/May/2015 02:43:56] "GET /static/font-awesome/css/font-awesome.min.css HTTP/1.1" 304 0
[22/May/2015 02:43:56] "GET /static/js/bootstrap.min.js HTTP/1.1" 304 0
[22/May/2015 02:43:56] "GET /static/js/jquery.js HTTP/1.1" 304 0
[22/May/2015 02:43:56] "GET /static/img/bg2.jpg HTTP/1.1" 304 0
[22/May/2015 02:44:12] "GET /index.php HTTP/1.1" 404 2433
[22/May/2015 02:44:21] "GET / HTTP/1.1" 200 4119
[22/May/2015 02:44:21] "GET /static/css/bootstrap.min.css HTTP/1.1" 304 0
[22/May/2015 02:44:21] "GET /static/font-awesome/css/font-awesome.min.css HTTP/1.1" 304 0
[22/May/2015 02:44:21] "GET /static/js/jquery.js HTTP/1.1" 304 0
[22/May/2015 02:44:21] "GET /static/css/stylish-portfolio.css HTTP/1.1" 304 0
[22/May/2015 02:44:21] "GET /static/js/bootstrap.min.js HTTP/1.1" 304 0
[22/May/2015 02:44:21] "GET /static/img/bg2.jpg HTTP/1.1" 304 0
[22/May/2015 02:44:22] "GET / HTTP/1.1" 200 4119
[22/May/2015 02:44:22] "GET /static/css/stylish-portfolio.css HTTP/1.1" 304 0
[22/May/2015 02:44:22] "GET /static/css/bootstrap.min.css HTTP/1.1" 304 0
[22/May/2015 02:44:22] "GET /static/font-awesome/css/font-awesome.min.css HTTP/1.1" 304 0
[22/May/2015 02:44:22] "GET /static/js/jquery.js HTTP/1.1" 304 0
[22/May/2015 02:44:22] "GET /static/js/bootstrap.min.js HTTP/1.1" 304 0
[22/May/2015 02:44:22] "GET /static/img/bg2.jpg HTTP/1.1" 304 0
[22/May/2015 02:44:22] "GET / HTTP/1.1" 200 4119
[22/May/2015 02:44:22] "GET /static/css/bootstrap.min.css HTTP/1.1" 304 0
[22/May/2015 02:44:22] "GET /static/font-awesome/css/font-awesome.min.css HTTP/1.1" 304 0
[22/May/2015 02:44:22] "GET /static/js/jquery.js HTTP/1.1" 304 0
[22/May/2015 02:44:22] "GET /static/js/bootstrap.min.js HTTP/1.1" 304 0
[22/May/2015 02:44:22] "GET /static/css/stylish-portfolio.css HTTP/1.1" 304 0
[22/May/2015 02:44:22] "GET /static/img/bg2.jpg HTTP/1.1" 304 0
Performing system checks...

May 22, 2015 - 02:43:23
Django version 1.7.8, using settings 'aprilvis.settings.development'
Starting development server at http://0.0.0.0:8888/
Quit the server with CONTROL-C.
System check identified some issues:

WARNINGS:
?: (1_6.W001) Some project unittests may not execute as expected.
	HINT: Django 1.6 introduced a new default test runner. It looks like this project was generated using Django 1.5 or earlier. You should ensure your tests are all running & behaving as expected. See https://docs.djangoproject.com/en/dev/releases/1.6/#new-test-runner for more information.

System check identified 1 issue (0 silenced).
[22/May/2015 02:44:53] "GET / HTTP/1.1" 200 4119
[22/May/2015 02:44:53] "GET /static/css/bootstrap.min.css HTTP/1.1" 304 0
[22/May/2015 02:44:53] "GET /static/css/stylish-portfolio.css HTTP/1.1" 304 0
[22/May/2015 02:44:53] "GET /static/js/jquery.js HTTP/1.1" 304 0
[22/May/2015 02:44:53] "GET /static/js/bootstrap.min.js HTTP/1.1" 304 0
[22/May/2015 02:44:53] "GET /static/font-awesome/css/font-awesome.min.css HTTP/1.1" 304 0
[22/May/2015 02:44:53] "GET /static/img/bg2.jpg HTTP/1.1" 304 0
[22/May/2015 02:45:58] "GET / HTTP/1.1" 200 4275
[22/May/2015 02:45:58] "GET /static/css/bootstrap.min.css HTTP/1.1" 304 0
[22/May/2015 02:45:58] "GET /static/font-awesome/css/font-awesome.min.css HTTP/1.1" 304 0
[22/May/2015 02:45:58] "GET /static/css/stylish-portfolio.css HTTP/1.1" 304 0
[22/May/2015 02:45:58] "GET /static/js/jquery.js HTTP/1.1" 304 0
[22/May/2015 02:45:58] "GET /static/js/bootstrap.min.js HTTP/1.1" 304 0
[22/May/2015 02:45:58] "GET /static/img/bg2.jpg HTTP/1.1" 304 0
[22/May/2015 02:47:06] "GET / HTTP/1.1" 200 4290
[22/May/2015 02:47:06] "GET /static/css/bootstrap.min.css HTTP/1.1" 304 0
[22/May/2015 02:47:06] "GET /static/js/bootstrap.min.js HTTP/1.1" 304 0
[22/May/2015 02:47:06] "GET /static/css/stylish-portfolio.css HTTP/1.1" 304 0
[22/May/2015 02:47:06] "GET /static/font-awesome/css/font-awesome.min.css HTTP/1.1" 304 0
[22/May/2015 02:47:06] "GET /static/js/jquery.js HTTP/1.1" 304 0
[22/May/2015 02:47:06] "GET /static/img/bg2.jpg HTTP/1.1" 304 0
[22/May/2015 02:47:33] "GET / HTTP/1.1" 200 4340
[22/May/2015 02:47:33] "GET /static/css/stylish-portfolio.css HTTP/1.1" 304 0
[22/May/2015 02:47:33] "GET /static/css/bootstrap.min.css HTTP/1.1" 304 0
[22/May/2015 02:47:33] "GET /static/font-awesome/css/font-awesome.min.css HTTP/1.1" 304 0
[22/May/2015 02:47:33] "GET /static/js/jquery.js HTTP/1.1" 304 0
[22/May/2015 02:47:33] "GET /static/js/bootstrap.min.js HTTP/1.1" 304 0
[22/May/2015 02:47:33] "GET /static/img/bg2.jpg HTTP/1.1" 304 0
[22/May/2015 02:48:06] "GET / HTTP/1.1" 200 4340
[22/May/2015 02:48:06] "GET /static/css/stylish-portfolio.css HTTP/1.1" 304 0
[22/May/2015 02:48:06] "GET /static/font-awesome/css/font-awesome.min.css HTTP/1.1" 304 0
[22/May/2015 02:48:06] "GET /static/css/bootstrap.min.css HTTP/1.1" 304 0
[22/May/2015 02:48:06] "GET /static/js/jquery.js HTTP/1.1" 304 0
[22/May/2015 02:48:06] "GET /static/js/bootstrap.min.js HTTP/1.1" 304 0
[22/May/2015 02:48:07] "GET /static/img/bg2.jpg HTTP/1.1" 304 0
[22/May/2015 02:50:44] "GET / HTTP/1.1" 200 4340
[22/May/2015 02:50:44] "GET /static/font-awesome/css/font-awesome.min.css HTTP/1.1" 304 0
[22/May/2015 02:50:44] "GET /static/js/jquery.js HTTP/1.1" 304 0
[22/May/2015 02:50:44] "GET /static/css/bootstrap.min.css HTTP/1.1" 304 0
[22/May/2015 02:50:44] "GET /static/js/bootstrap.min.js HTTP/1.1" 304 0
[22/May/2015 02:50:44] "GET /static/css/stylish-portfolio.css HTTP/1.1" 200 3814
[22/May/2015 02:50:44] "GET /static/img/bg2.jpg HTTP/1.1" 304 0
[22/May/2015 02:50:48] "GET /static/css/stylish-portfolio.css HTTP/1.1" 304 0
[22/May/2015 02:51:31] "GET / HTTP/1.1" 200 4348
[22/May/2015 02:51:31] "GET /static/css/stylish-portfolio.css HTTP/1.1" 200 3824
[22/May/2015 02:51:31] "GET /static/css/bootstrap.min.css HTTP/1.1" 304 0
[22/May/2015 02:51:31] "GET /static/font-awesome/css/font-awesome.min.css HTTP/1.1" 304 0
[22/May/2015 02:51:31] "GET /static/js/bootstrap.min.js HTTP/1.1" 304 0
[22/May/2015 02:51:31] "GET /static/js/jquery.js HTTP/1.1" 304 0
[22/May/2015 02:51:31] "GET /static/img/bg2.jpg HTTP/1.1" 304 0
[22/May/2015 02:51:57] "GET / HTTP/1.1" 200 4375
[22/May/2015 02:51:57] "GET /static/css/bootstrap.min.css HTTP/1.1" 304 0
[22/May/2015 02:51:57] "GET /static/css/stylish-portfolio.css HTTP/1.1" 304 0
[22/May/2015 02:51:57] "GET /static/font-awesome/css/font-awesome.min.css HTTP/1.1" 304 0
[22/May/2015 02:51:57] "GET /static/js/jquery.js HTTP/1.1" 304 0
[22/May/2015 02:51:57] "GET /static/js/bootstrap.min.js HTTP/1.1" 304 0
[22/May/2015 02:51:57] "GET /static/img/bg2.jpg HTTP/1.1" 304 0
[22/May/2015 02:52:32] "GET / HTTP/1.1" 200 4375
[22/May/2015 02:52:32] "GET /static/font-awesome/css/font-awesome.min.css HTTP/1.1" 304 0
[22/May/2015 02:52:32] "GET /static/css/bootstrap.min.css HTTP/1.1" 304 0
[22/May/2015 02:52:32] "GET /static/js/jquery.js HTTP/1.1" 304 0
[22/May/2015 02:52:32] "GET /static/css/stylish-portfolio.css HTTP/1.1" 200 3825
[22/May/2015 02:52:32] "GET /static/js/bootstrap.min.js HTTP/1.1" 304 0
[22/May/2015 02:52:32] "GET /static/img/bg2.jpg HTTP/1.1" 304 0
[22/May/2015 02:52:43] "GET / HTTP/1.1" 200 4375
[22/May/2015 02:52:43] "GET /static/css/bootstrap.min.css HTTP/1.1" 304 0
[22/May/2015 02:52:43] "GET /static/css/stylish-portfolio.css HTTP/1.1" 200 3840
[22/May/2015 02:52:43] "GET /static/font-awesome/css/font-awesome.min.css HTTP/1.1" 304 0
[22/May/2015 02:52:43] "GET /static/js/bootstrap.min.js HTTP/1.1" 304 0
[22/May/2015 02:52:43] "GET /static/js/jquery.js HTTP/1.1" 304 0
[22/May/2015 02:52:43] "GET /static/img/bg2.jpg HTTP/1.1" 304 0
[22/May/2015 02:54:00] "GET / HTTP/1.1" 200 4375
[22/May/2015 02:54:00] "GET /static/js/bootstrap.min.js HTTP/1.1" 304 0
[22/May/2015 02:54:00] "GET /static/font-awesome/css/font-awesome.min.css HTTP/1.1" 304 0
[22/May/2015 02:54:00] "GET /static/js/jquery.js HTTP/1.1" 304 0
[22/May/2015 02:54:00] "GET /static/css/bootstrap.min.css HTTP/1.1" 304 0
[22/May/2015 02:54:00] "GET /static/css/stylish-portfolio.css HTTP/1.1" 200 3855
[22/May/2015 02:54:00] "GET /static/img/bg2.jpg HTTP/1.1" 304 0
[22/May/2015 02:54:16] "GET / HTTP/1.1" 200 4375
[22/May/2015 02:54:16] "GET /static/font-awesome/css/font-awesome.min.css HTTP/1.1" 304 0
[22/May/2015 02:54:16] "GET /static/css/bootstrap.min.css HTTP/1.1" 304 0
[22/May/2015 02:54:16] "GET /static/js/jquery.js HTTP/1.1" 304 0
[22/May/2015 02:54:16] "GET /static/css/stylish-portfolio.css HTTP/1.1" 200 3855
[22/May/2015 02:54:16] "GET /static/js/bootstrap.min.js HTTP/1.1" 304 0
[22/May/2015 02:54:16] "GET /static/img/bg2.jpg HTTP/1.1" 304 0
[22/May/2015 02:54:42] "GET / HTTP/1.1" 200 4375
[22/May/2015 02:54:42] "GET /static/css/bootstrap.min.css HTTP/1.1" 304 0
[22/May/2015 02:54:42] "GET /static/font-awesome/css/font-awesome.min.css HTTP/1.1" 304 0
[22/May/2015 02:54:42] "GET /static/js/jquery.js HTTP/1.1" 304 0
[22/May/2015 02:54:42] "GET /static/js/bootstrap.min.js HTTP/1.1" 304 0
[22/May/2015 02:54:42] "GET /static/css/stylish-portfolio.css HTTP/1.1" 304 0
[22/May/2015 02:54:42] "GET /static/img/bg2.jpg HTTP/1.1" 304 0
[22/May/2015 02:54:59] "GET / HTTP/1.1" 200 4333
[22/May/2015 02:54:59] "GET /static/css/bootstrap.min.css HTTP/1.1" 304 0
[22/May/2015 02:54:59] "GET /static/font-awesome/css/font-awesome.min.css HTTP/1.1" 304 0
[22/May/2015 02:54:59] "GET /static/css/stylish-portfolio.css HTTP/1.1" 304 0
[22/May/2015 02:54:59] "GET /static/js/bootstrap.min.js HTTP/1.1" 304 0
[22/May/2015 02:54:59] "GET /static/js/jquery.js HTTP/1.1" 304 0
[22/May/2015 02:54:59] "GET /static/img/bg2.jpg HTTP/1.1" 304 0
[22/May/2015 02:55:16] "GET / HTTP/1.1" 200 4333
[22/May/2015 02:55:16] "GET /static/font-awesome/css/font-awesome.min.css HTTP/1.1" 304 0
[22/May/2015 02:55:16] "GET /static/css/bootstrap.min.css HTTP/1.1" 304 0
[22/May/2015 02:55:16] "GET /static/js/jquery.js HTTP/1.1" 304 0
[22/May/2015 02:55:16] "GET /static/js/bootstrap.min.js HTTP/1.1" 304 0
[22/May/2015 02:55:16] "GET /static/css/stylish-portfolio.css HTTP/1.1" 200 3749
[22/May/2015 02:55:16] "GET /static/img/bg2.jpg HTTP/1.1" 304 0
[22/May/2015 02:55:46] "GET / HTTP/1.1" 200 4333
[22/May/2015 02:55:46] "GET /static/font-awesome/css/font-awesome.min.css HTTP/1.1" 304 0
[22/May/2015 02:55:46] "GET /static/js/jquery.js HTTP/1.1" 304 0
[22/May/2015 02:55:46] "GET /static/js/bootstrap.min.js HTTP/1.1" 304 0
[22/May/2015 02:55:46] "GET /static/css/bootstrap.min.css HTTP/1.1" 304 0
[22/May/2015 02:55:46] "GET /static/css/stylish-portfolio.css HTTP/1.1" 304 0
[22/May/2015 02:55:46] "GET /static/img/bg2.jpg HTTP/1.1" 200 2872483
[22/May/2015 02:55:47] "GET / HTTP/1.1" 200 4333
[22/May/2015 02:55:47] "GET /static/css/bootstrap.min.css HTTP/1.1" 304 0
[22/May/2015 02:55:47] "GET /static/js/bootstrap.min.js HTTP/1.1" 304 0
[22/May/2015 02:55:47] "GET /static/css/stylish-portfolio.css HTTP/1.1" 304 0
[22/May/2015 02:55:47] "GET /static/font-awesome/css/font-awesome.min.css HTTP/1.1" 304 0
[22/May/2015 02:55:47] "GET /static/js/jquery.js HTTP/1.1" 304 0
[22/May/2015 02:55:47] "GET /static/img/bg2.jpg HTTP/1.1" 304 0
[22/May/2015 02:55:48] "GET / HTTP/1.1" 200 4333
[22/May/2015 02:55:48] "GET /static/css/bootstrap.min.css HTTP/1.1" 304 0
[22/May/2015 02:55:48] "GET /static/font-awesome/css/font-awesome.min.css HTTP/1.1" 304 0
[22/May/2015 02:55:48] "GET /static/js/jquery.js HTTP/1.1" 304 0
[22/May/2015 02:55:48] "GET /static/css/stylish-portfolio.css HTTP/1.1" 304 0
[22/May/2015 02:55:48] "GET /static/js/bootstrap.min.js HTTP/1.1" 304 0
[22/May/2015 02:55:48] "GET /static/img/bg2.jpg HTTP/1.1" 304 0
[22/May/2015 02:56:02] "GET / HTTP/1.1" 200 4333
[22/May/2015 02:56:02] "GET /static/css/stylish-portfolio.css HTTP/1.1" 200 3746
[22/May/2015 02:56:02] "GET /static/css/bootstrap.min.css HTTP/1.1" 304 0
[22/May/2015 02:56:02] "GET /static/js/jquery.js HTTP/1.1" 304 0
[22/May/2015 02:56:02] "GET /static/js/bootstrap.min.js HTTP/1.1" 304 0
[22/May/2015 02:56:02] "GET /static/font-awesome/css/font-awesome.min.css HTTP/1.1" 304 0
[22/May/2015 02:56:02] "GET /static/img/bg2.jpg HTTP/1.1" 304 0
[22/May/2015 02:57:52] "GET / HTTP/1.1" 200 4333
[22/May/2015 02:57:52] "GET /static/css/stylish-portfolio.css HTTP/1.1" 200 3762
[22/May/2015 02:57:52] "GET /static/font-awesome/css/font-awesome.min.css HTTP/1.1" 304 0
[22/May/2015 02:57:52] "GET /static/js/jquery.js HTTP/1.1" 304 0
[22/May/2015 02:57:52] "GET /static/js/bootstrap.min.js HTTP/1.1" 304 0
[22/May/2015 02:57:52] "GET /static/css/bootstrap.min.css HTTP/1.1" 304 0
[22/May/2015 02:57:52] "GET /static/img/bg2.jpg HTTP/1.1" 304 0
[22/May/2015 02:57:53] "GET / HTTP/1.1" 200 4333
[22/May/2015 02:57:53] "GET /static/css/bootstrap.min.css HTTP/1.1" 304 0
[22/May/2015 02:57:53] "GET /static/css/stylish-portfolio.css HTTP/1.1" 304 0
[22/May/2015 02:57:53] "GET /static/font-awesome/css/font-awesome.min.css HTTP/1.1" 304 0
[22/May/2015 02:57:53] "GET /static/js/jquery.js HTTP/1.1" 304 0
[22/May/2015 02:57:53] "GET /static/js/bootstrap.min.js HTTP/1.1" 304 0
[22/May/2015 02:57:53] "GET /static/img/bg2.jpg HTTP/1.1" 304 0
[22/May/2015 02:57:54] "GET / HTTP/1.1" 200 4333
[22/May/2015 02:57:54] "GET /static/js/jquery.js HTTP/1.1" 304 0
[22/May/2015 02:57:54] "GET /static/css/bootstrap.min.css HTTP/1.1" 304 0
[22/May/2015 02:57:54] "GET /static/css/stylish-portfolio.css HTTP/1.1" 304 0
[22/May/2015 02:57:54] "GET /static/font-awesome/css/font-awesome.min.css HTTP/1.1" 304 0
[22/May/2015 02:57:54] "GET /static/js/bootstrap.min.js HTTP/1.1" 304 0
[22/May/2015 02:57:54] "GET /static/img/bg2.jpg HTTP/1.1" 304 0
[22/May/2015 02:57:57] "GET / HTTP/1.1" 200 4333
[22/May/2015 02:57:57] "GET /static/css/bootstrap.min.css HTTP/1.1" 304 0
[22/May/2015 02:57:57] "GET /static/css/stylish-portfolio.css HTTP/1.1" 304 0
[22/May/2015 02:57:57] "GET /static/font-awesome/css/font-awesome.min.css HTTP/1.1" 304 0
[22/May/2015 02:57:57] "GET /static/js/jquery.js HTTP/1.1" 304 0
[22/May/2015 02:57:57] "GET /static/js/bootstrap.min.js HTTP/1.1" 304 0
[22/May/2015 02:57:57] "GET /static/img/bg2.jpg HTTP/1.1" 304 0
[22/May/2015 02:57:58] "GET / HTTP/1.1" 200 4333
[22/May/2015 02:57:58] "GET /static/css/bootstrap.min.css HTTP/1.1" 304 0
[22/May/2015 02:57:58] "GET /static/css/stylish-portfolio.css HTTP/1.1" 304 0
[22/May/2015 02:57:58] "GET /static/font-awesome/css/font-awesome.min.css HTTP/1.1" 304 0
[22/May/2015 02:57:58] "GET /static/js/jquery.js HTTP/1.1" 304 0
[22/May/2015 02:57:58] "GET /static/js/bootstrap.min.js HTTP/1.1" 304 0
[22/May/2015 02:57:58] "GET /static/img/bg2.jpg HTTP/1.1" 304 0
[22/May/2015 02:59:03] "GET / HTTP/1.1" 200 4354
[22/May/2015 02:59:03] "GET /static/css/bootstrap.min.css HTTP/1.1" 304 0
[22/May/2015 02:59:03] "GET /static/css/stylish-portfolio.css HTTP/1.1" 304 0
[22/May/2015 02:59:03] "GET /static/font-awesome/css/font-awesome.min.css HTTP/1.1" 304 0
[22/May/2015 02:59:03] "GET /static/js/jquery.js HTTP/1.1" 304 0
[22/May/2015 02:59:03] "GET /static/js/bootstrap.min.js HTTP/1.1" 304 0
[22/May/2015 02:59:03] "GET /static/img/bg2.jpg HTTP/1.1" 304 0
[22/May/2015 02:59:13] "GET / HTTP/1.1" 200 4355
[22/May/2015 02:59:13] "GET /static/css/bootstrap.min.css HTTP/1.1" 304 0
[22/May/2015 02:59:13] "GET /static/font-awesome/css/font-awesome.min.css HTTP/1.1" 304 0
[22/May/2015 02:59:13] "GET /static/css/stylish-portfolio.css HTTP/1.1" 304 0
[22/May/2015 02:59:13] "GET /static/js/jquery.js HTTP/1.1" 304 0
[22/May/2015 02:59:13] "GET /static/js/bootstrap.min.js HTTP/1.1" 304 0
[22/May/2015 02:59:13] "GET /static/img/bg2.jpg HTTP/1.1" 304 0
[22/May/2015 02:59:27] "GET /circles.html HTTP/1.1" 200 6246
[22/May/2015 02:59:37] "GET / HTTP/1.1" 200 4357
[22/May/2015 02:59:37] "GET /static/css/bootstrap.min.css HTTP/1.1" 304 0
[22/May/2015 02:59:37] "GET /static/js/bootstrap.min.js HTTP/1.1" 304 0
[22/May/2015 02:59:37] "GET /static/font-awesome/css/font-awesome.min.css HTTP/1.1" 304 0
[22/May/2015 02:59:37] "GET /static/css/stylish-portfolio.css HTTP/1.1" 304 0
[22/May/2015 02:59:37] "GET /static/js/jquery.js HTTP/1.1" 304 0
[22/May/2015 02:59:37] "GET /static/img/bg2.jpg HTTP/1.1" 304 0
[22/May/2015 03:02:39] "GET / HTTP/1.1" 200 4576
[22/May/2015 03:02:39] "GET /static/css/bootstrap.min.css HTTP/1.1" 304 0
[22/May/2015 03:02:39] "GET /static/font-awesome/css/font-awesome.min.css HTTP/1.1" 304 0
[22/May/2015 03:02:39] "GET /static/js/jquery.js HTTP/1.1" 304 0
[22/May/2015 03:02:39] "GET /static/js/bootstrap.min.js HTTP/1.1" 304 0
[22/May/2015 03:02:39] "GET /static/css/stylish-portfolio.css HTTP/1.1" 200 3788
[22/May/2015 03:02:47] "GET / HTTP/1.1" 200 4585
[22/May/2015 03:02:47] "GET /static/css/stylish-portfolio.css HTTP/1.1" 304 0
[22/May/2015 03:02:47] "GET /static/css/bootstrap.min.css HTTP/1.1" 304 0
[22/May/2015 03:02:47] "GET /static/font-awesome/css/font-awesome.min.css HTTP/1.1" 304 0
[22/May/2015 03:02:47] "GET /static/js/jquery.js HTTP/1.1" 304 0
[22/May/2015 03:02:47] "GET /static/js/bootstrap.min.js HTTP/1.1" 304 0
[22/May/2015 03:02:49] "GET / HTTP/1.1" 200 4585
[22/May/2015 03:02:49] "GET /static/font-awesome/css/font-awesome.min.css HTTP/1.1" 304 0
[22/May/2015 03:02:49] "GET /static/css/bootstrap.min.css HTTP/1.1" 304 0
[22/May/2015 03:02:49] "GET /static/css/stylish-portfolio.css HTTP/1.1" 304 0
[22/May/2015 03:02:49] "GET /static/js/jquery.js HTTP/1.1" 304 0
[22/May/2015 03:02:49] "GET /static/js/bootstrap.min.js HTTP/1.1" 304 0
[22/May/2015 03:02:49] "GET / HTTP/1.1" 200 4585
[22/May/2015 03:02:49] "GET /static/css/bootstrap.min.css HTTP/1.1" 304 0
[22/May/2015 03:02:49] "GET /static/font-awesome/css/font-awesome.min.css HTTP/1.1" 304 0
[22/May/2015 03:02:49] "GET /static/css/stylish-portfolio.css HTTP/1.1" 304 0
[22/May/2015 03:02:49] "GET /static/js/jquery.js HTTP/1.1" 304 0
[22/May/2015 03:02:49] "GET /static/js/bootstrap.min.js HTTP/1.1" 304 0
[22/May/2015 03:02:49] "GET / HTTP/1.1" 200 4585
[22/May/2015 03:02:49] "GET /static/css/bootstrap.min.css HTTP/1.1" 304 0
[22/May/2015 03:02:49] "GET /static/font-awesome/css/font-awesome.min.css HTTP/1.1" 304 0
[22/May/2015 03:02:49] "GET /static/js/jquery.js HTTP/1.1" 304 0
[22/May/2015 03:02:49] "GET /static/css/stylish-portfolio.css HTTP/1.1" 304 0
[22/May/2015 03:02:49] "GET /static/js/bootstrap.min.js HTTP/1.1" 304 0
[22/May/2015 03:02:55] "GET / HTTP/1.1" 200 4585
[22/May/2015 03:02:55] "GET /static/css/bootstrap.min.css HTTP/1.1" 304 0
[22/May/2015 03:02:55] "GET /static/css/stylish-portfolio.css HTTP/1.1" 200 3790
[22/May/2015 03:02:55] "GET /static/font-awesome/css/font-awesome.min.css HTTP/1.1" 304 0
[22/May/2015 03:02:55] "GET /static/js/jquery.js HTTP/1.1" 304 0
[22/May/2015 03:02:55] "GET /static/js/bootstrap.min.js HTTP/1.1" 304 0
[22/May/2015 03:02:55] "GET /static/img/bg2.jpg HTTP/1.1" 304 0
[22/May/2015 03:03:11] "GET / HTTP/1.1" 200 4585
[22/May/2015 03:03:11] "GET /static/css/bootstrap.min.css HTTP/1.1" 304 0
[22/May/2015 03:03:11] "GET /static/css/stylish-portfolio.css HTTP/1.1" 200 3805
[22/May/2015 03:03:11] "GET /static/font-awesome/css/font-awesome.min.css HTTP/1.1" 304 0
[22/May/2015 03:03:11] "GET /static/js/jquery.js HTTP/1.1" 304 0
[22/May/2015 03:03:11] "GET /static/js/bootstrap.min.js HTTP/1.1" 304 0
[22/May/2015 03:03:11] "GET /static/img/bg2.jpg HTTP/1.1" 304 0
[22/May/2015 03:03:23] "GET / HTTP/1.1" 200 4593
[22/May/2015 03:03:23] "GET /static/font-awesome/css/font-awesome.min.css HTTP/1.1" 304 0
[22/May/2015 03:03:23] "GET /static/js/jquery.js HTTP/1.1" 304 0
[22/May/2015 03:03:23] "GET /static/css/bootstrap.min.css HTTP/1.1" 304 0
[22/May/2015 03:03:23] "GET /static/css/stylish-portfolio.css HTTP/1.1" 304 0
[22/May/2015 03:03:23] "GET /static/js/bootstrap.min.js HTTP/1.1" 304 0
[22/May/2015 03:03:23] "GET /static/img/bg2.jpg HTTP/1.1" 304 0
[22/May/2015 03:03:46] "GET / HTTP/1.1" 200 4602
[22/May/2015 03:03:46] "GET /static/css/bootstrap.min.css HTTP/1.1" 304 0
[22/May/2015 03:03:46] "GET /static/css/stylish-portfolio.css HTTP/1.1" 304 0
[22/May/2015 03:03:46] "GET /static/font-awesome/css/font-awesome.min.css HTTP/1.1" 304 0
[22/May/2015 03:03:46] "GET /static/js/jquery.js HTTP/1.1" 304 0
[22/May/2015 03:03:46] "GET /static/js/bootstrap.min.js HTTP/1.1" 304 0
[22/May/2015 03:03:46] "GET /static/img/bg2.jpg HTTP/1.1" 304 0
[22/May/2015 03:04:42] "GET / HTTP/1.1" 200 4669
[22/May/2015 03:04:42] "GET /static/css/bootstrap.min.css HTTP/1.1" 304 0
[22/May/2015 03:04:42] "GET /static/font-awesome/css/font-awesome.min.css HTTP/1.1" 304 0
[22/May/2015 03:04:42] "GET /static/css/stylish-portfolio.css HTTP/1.1" 304 0
[22/May/2015 03:04:42] "GET /static/js/jquery.js HTTP/1.1" 304 0
[22/May/2015 03:04:42] "GET /static/js/bootstrap.min.js HTTP/1.1" 304 0
[22/May/2015 03:04:42] "GET /static/img/bg2.jpg HTTP/1.1" 304 0
[22/May/2015 03:04:48] "GET / HTTP/1.1" 200 4673
[22/May/2015 03:04:48] "GET /static/css/bootstrap.min.css HTTP/1.1" 304 0
[22/May/2015 03:04:48] "GET /static/font-awesome/css/font-awesome.min.css HTTP/1.1" 304 0
[22/May/2015 03:04:48] "GET /static/css/stylish-portfolio.css HTTP/1.1" 304 0
[22/May/2015 03:04:48] "GET /static/js/jquery.js HTTP/1.1" 304 0
[22/May/2015 03:04:48] "GET /static/js/bootstrap.min.js HTTP/1.1" 304 0
[22/May/2015 03:04:48] "GET /static/img/bg2.jpg HTTP/1.1" 304 0
[22/May/2015 03:06:27] "GET / HTTP/1.1" 200 4673
[22/May/2015 03:06:27] "GET /static/css/bootstrap.min.css HTTP/1.1" 304 0
[22/May/2015 03:06:27] "GET /static/font-awesome/css/font-awesome.min.css HTTP/1.1" 304 0
[22/May/2015 03:06:27] "GET /static/js/jquery.js HTTP/1.1" 304 0
[22/May/2015 03:06:27] "GET /static/js/bootstrap.min.js HTTP/1.1" 304 0
[22/May/2015 03:06:27] "GET /static/css/stylish-portfolio.css HTTP/1.1" 304 0
[22/May/2015 03:06:27] "GET /static/img/bg2.jpg HTTP/1.1" 200 260582
[22/May/2015 03:06:28] "GET / HTTP/1.1" 200 4673
[22/May/2015 03:06:28] "GET /static/css/stylish-portfolio.css HTTP/1.1" 304 0
[22/May/2015 03:06:28] "GET /static/css/bootstrap.min.css HTTP/1.1" 304 0
[22/May/2015 03:06:29] "GET /static/font-awesome/css/font-awesome.min.css HTTP/1.1" 304 0
[22/May/2015 03:06:29] "GET /static/js/jquery.js HTTP/1.1" 304 0
[22/May/2015 03:06:29] "GET /static/js/bootstrap.min.js HTTP/1.1" 304 0
[22/May/2015 03:06:29] "GET /static/img/bg2.jpg HTTP/1.1" 304 0
[22/May/2015 03:06:31] "GET / HTTP/1.1" 200 4673
[22/May/2015 03:06:31] "GET /static/font-awesome/css/font-awesome.min.css HTTP/1.1" 304 0
[22/May/2015 03:06:31] "GET /static/css/bootstrap.min.css HTTP/1.1" 304 0
[22/May/2015 03:06:31] "GET /static/js/bootstrap.min.js HTTP/1.1" 304 0
[22/May/2015 03:06:31] "GET /static/css/stylish-portfolio.css HTTP/1.1" 304 0
[22/May/2015 03:06:31] "GET /static/js/jquery.js HTTP/1.1" 304 0
[22/May/2015 03:06:31] "GET /static/img/bg2.jpg HTTP/1.1" 304 0
[22/May/2015 03:10:10] "GET / HTTP/1.1" 200 4673
[22/May/2015 03:10:10] "GET /static/font-awesome/css/font-awesome.min.css HTTP/1.1" 304 0
[22/May/2015 03:10:10] "GET /static/css/stylish-portfolio.css HTTP/1.1" 304 0
[22/May/2015 03:10:10] "GET /static/css/bootstrap.min.css HTTP/1.1" 304 0
[22/May/2015 03:10:10] "GET /static/js/bootstrap.min.js HTTP/1.1" 304 0
[22/May/2015 03:10:10] "GET /static/js/jquery.js HTTP/1.1" 304 0
[22/May/2015 03:10:10] "GET /static/img/bg2.jpg HTTP/1.1" 200 1248220
[22/May/2015 03:10:13] "GET / HTTP/1.1" 200 4673
[22/May/2015 03:10:13] "GET /static/js/jquery.js HTTP/1.1" 304 0
[22/May/2015 03:10:13] "GET /static/js/bootstrap.min.js HTTP/1.1" 304 0
[22/May/2015 03:10:13] "GET /static/css/bootstrap.min.css HTTP/1.1" 304 0
[22/May/2015 03:10:13] "GET /static/font-awesome/css/font-awesome.min.css HTTP/1.1" 304 0
[22/May/2015 03:10:13] "GET /static/css/stylish-portfolio.css HTTP/1.1" 304 0
[22/May/2015 03:10:13] "GET /static/img/bg2.jpg HTTP/1.1" 304 0
[22/May/2015 03:11:09] "GET / HTTP/1.1" 200 4673
[22/May/2015 03:11:09] "GET /static/css/bootstrap.min.css HTTP/1.1" 304 0
[22/May/2015 03:11:09] "GET /static/font-awesome/css/font-awesome.min.css HTTP/1.1" 304 0
[22/May/2015 03:11:09] "GET /static/js/jquery.js HTTP/1.1" 304 0
[22/May/2015 03:11:09] "GET /static/js/bootstrap.min.js HTTP/1.1" 304 0
[22/May/2015 03:11:09] "GET /static/css/stylish-portfolio.css HTTP/1.1" 304 0
[22/May/2015 03:11:09] "GET /static/img/bg2.jpg HTTP/1.1" 200 672236
[22/May/2015 03:11:11] "GET / HTTP/1.1" 200 4673
[22/May/2015 03:11:11] "GET /static/css/bootstrap.min.css HTTP/1.1" 304 0
[22/May/2015 03:11:11] "GET /static/font-awesome/css/font-awesome.min.css HTTP/1.1" 304 0
[22/May/2015 03:11:11] "GET /static/js/jquery.js HTTP/1.1" 304 0
[22/May/2015 03:11:11] "GET /static/js/bootstrap.min.js HTTP/1.1" 304 0
[22/May/2015 03:11:11] "GET /static/css/stylish-portfolio.css HTTP/1.1" 304 0
[22/May/2015 03:11:11] "GET /static/img/bg2.jpg HTTP/1.1" 304 0
[22/May/2015 03:15:06] "GET / HTTP/1.1" 200 4673
[22/May/2015 03:15:06] "GET /static/font-awesome/css/font-awesome.min.css HTTP/1.1" 304 0
[22/May/2015 03:15:06] "GET /static/css/bootstrap.min.css HTTP/1.1" 304 0
[22/May/2015 03:15:06] "GET /static/js/jquery.js HTTP/1.1" 304 0
[22/May/2015 03:15:06] "GET /static/js/bootstrap.min.js HTTP/1.1" 304 0
[22/May/2015 03:15:06] "GET /static/css/stylish-portfolio.css HTTP/1.1" 304 0
[22/May/2015 03:15:06] "GET /static/img/bg2.jpg HTTP/1.1" 200 172066
[22/May/2015 03:15:07] "GET / HTTP/1.1" 200 4673
[22/May/2015 03:15:07] "GET /static/css/bootstrap.min.css HTTP/1.1" 304 0
[22/May/2015 03:15:07] "GET /static/css/stylish-portfolio.css HTTP/1.1" 304 0
[22/May/2015 03:15:07] "GET /static/font-awesome/css/font-awesome.min.css HTTP/1.1" 304 0
[22/May/2015 03:15:07] "GET /static/js/jquery.js HTTP/1.1" 304 0
[22/May/2015 03:15:07] "GET /static/js/bootstrap.min.js HTTP/1.1" 304 0
[22/May/2015 03:15:07] "GET /static/img/bg2.jpg HTTP/1.1" 304 0
[22/May/2015 03:16:22] "GET / HTTP/1.1" 200 4707
[22/May/2015 03:16:23] "GET /static/css/bootstrap.min.css HTTP/1.1" 304 0
[22/May/2015 03:16:23] "GET /static/css/stylish-portfolio.css HTTP/1.1" 200 3824
[22/May/2015 03:16:23] "GET /static/js/jquery.js HTTP/1.1" 304 0
[22/May/2015 03:16:23] "GET /static/font-awesome/css/font-awesome.min.css HTTP/1.1" 304 0
[22/May/2015 03:16:23] "GET /static/js/bootstrap.min.js HTTP/1.1" 304 0
[22/May/2015 03:16:23] "GET /static/img/bg2.jpg HTTP/1.1" 304 0
[22/May/2015 03:16:34] "GET / HTTP/1.1" 200 4707
[22/May/2015 03:16:34] "GET /static/css/bootstrap.min.css HTTP/1.1" 304 0
[22/May/2015 03:16:34] "GET /static/css/stylish-portfolio.css HTTP/1.1" 200 3824
[22/May/2015 03:16:34] "GET /static/font-awesome/css/font-awesome.min.css HTTP/1.1" 304 0
[22/May/2015 03:16:34] "GET /static/js/jquery.js HTTP/1.1" 304 0
[22/May/2015 03:16:34] "GET /static/js/bootstrap.min.js HTTP/1.1" 304 0
[22/May/2015 03:16:35] "GET /static/img/bg2.jpg HTTP/1.1" 304 0
[22/May/2015 03:16:55] "GET / HTTP/1.1" 200 4706
[22/May/2015 03:16:55] "GET /static/css/stylish-portfolio.css HTTP/1.1" 304 0
[22/May/2015 03:16:55] "GET /static/css/bootstrap.min.css HTTP/1.1" 304 0
[22/May/2015 03:16:55] "GET /static/font-awesome/css/font-awesome.min.css HTTP/1.1" 304 0
[22/May/2015 03:16:55] "GET /static/js/jquery.js HTTP/1.1" 304 0
[22/May/2015 03:16:55] "GET /static/js/bootstrap.min.js HTTP/1.1" 304 0
[22/May/2015 03:16:55] "GET /static/img/bg2.jpg HTTP/1.1" 304 0
[22/May/2015 03:17:50] "GET / HTTP/1.1" 200 4706
[22/May/2015 03:17:50] "GET /static/css/bootstrap.min.css HTTP/1.1" 304 0
[22/May/2015 03:17:50] "GET /static/js/jquery.js HTTP/1.1" 304 0
[22/May/2015 03:17:50] "GET /static/font-awesome/css/font-awesome.min.css HTTP/1.1" 304 0
[22/May/2015 03:17:50] "GET /static/js/bootstrap.min.js HTTP/1.1" 304 0
[22/May/2015 03:17:50] "GET /static/css/stylish-portfolio.css HTTP/1.1" 200 3907
[22/May/2015 03:17:50] "GET /static/img/bg2.jpg HTTP/1.1" 304 0
[22/May/2015 03:18:07] "GET / HTTP/1.1" 200 4706
[22/May/2015 03:18:07] "GET /static/css/stylish-portfolio.css HTTP/1.1" 200 3909
[22/May/2015 03:18:07] "GET /static/css/bootstrap.min.css HTTP/1.1" 304 0
[22/May/2015 03:18:07] "GET /static/font-awesome/css/font-awesome.min.css HTTP/1.1" 304 0
[22/May/2015 03:18:07] "GET /static/js/bootstrap.min.js HTTP/1.1" 304 0
[22/May/2015 03:18:07] "GET /static/js/jquery.js HTTP/1.1" 304 0
[22/May/2015 03:18:07] "GET /static/img/bg2.jpg HTTP/1.1" 304 0
[22/May/2015 03:18:40] "GET / HTTP/1.1" 200 4706
[22/May/2015 03:18:40] "GET /static/js/jquery.js HTTP/1.1" 304 0
[22/May/2015 03:18:40] "GET /static/css/bootstrap.min.css HTTP/1.1" 304 0
[22/May/2015 03:18:40] "GET /static/font-awesome/css/font-awesome.min.css HTTP/1.1" 304 0
[22/May/2015 03:18:40] "GET /static/js/bootstrap.min.js HTTP/1.1" 304 0
[22/May/2015 03:18:40] "GET /static/css/stylish-portfolio.css HTTP/1.1" 200 3865
[22/May/2015 03:18:40] "GET /static/img/bg2.jpg HTTP/1.1" 304 0
[22/May/2015 03:18:50] "GET / HTTP/1.1" 200 4706
[22/May/2015 03:18:50] "GET /static/css/bootstrap.min.css HTTP/1.1" 304 0
[22/May/2015 03:18:50] "GET /static/css/stylish-portfolio.css HTTP/1.1" 200 3880
[22/May/2015 03:18:50] "GET /static/font-awesome/css/font-awesome.min.css HTTP/1.1" 304 0
[22/May/2015 03:18:50] "GET /static/js/bootstrap.min.js HTTP/1.1" 304 0
[22/May/2015 03:18:50] "GET /static/js/jquery.js HTTP/1.1" 304 0
[22/May/2015 03:18:50] "GET /static/img/bg2.jpg HTTP/1.1" 304 0
[22/May/2015 03:18:56] "GET / HTTP/1.1" 200 4706
[22/May/2015 03:18:56] "GET /static/font-awesome/css/font-awesome.min.css HTTP/1.1" 304 0
[22/May/2015 03:18:56] "GET /static/css/bootstrap.min.css HTTP/1.1" 304 0
[22/May/2015 03:18:56] "GET /static/css/stylish-portfolio.css HTTP/1.1" 200 3880
[22/May/2015 03:18:56] "GET /static/js/jquery.js HTTP/1.1" 304 0
[22/May/2015 03:18:56] "GET /static/js/bootstrap.min.js HTTP/1.1" 304 0
[22/May/2015 03:18:56] "GET /static/img/bg2.jpg HTTP/1.1" 304 0
[22/May/2015 03:19:09] "GET / HTTP/1.1" 200 4698
[22/May/2015 03:19:09] "GET /static/css/bootstrap.min.css HTTP/1.1" 304 0
[22/May/2015 03:19:09] "GET /static/js/jquery.js HTTP/1.1" 304 0
[22/May/2015 03:19:09] "GET /static/js/bootstrap.min.js HTTP/1.1" 304 0
[22/May/2015 03:19:09] "GET /static/font-awesome/css/font-awesome.min.css HTTP/1.1" 304 0
[22/May/2015 03:19:09] "GET /static/css/stylish-portfolio.css HTTP/1.1" 304 0
[22/May/2015 03:19:09] "GET /static/img/bg2.jpg HTTP/1.1" 304 0
[22/May/2015 03:19:19] "GET / HTTP/1.1" 200 4698
[22/May/2015 03:19:19] "GET /static/css/bootstrap.min.css HTTP/1.1" 304 0
[22/May/2015 03:19:19] "GET /static/js/bootstrap.min.js HTTP/1.1" 304 0
[22/May/2015 03:19:19] "GET /static/css/stylish-portfolio.css HTTP/1.1" 200 3895
[22/May/2015 03:19:19] "GET /static/font-awesome/css/font-awesome.min.css HTTP/1.1" 304 0
[22/May/2015 03:19:19] "GET /static/js/jquery.js HTTP/1.1" 304 0
[22/May/2015 03:19:19] "GET /static/img/bg2.jpg HTTP/1.1" 304 0
[22/May/2015 03:20:33] "GET / HTTP/1.1" 200 4698
[22/May/2015 03:20:33] "GET /static/css/bootstrap.min.css HTTP/1.1" 304 0
[22/May/2015 03:20:33] "GET /static/font-awesome/css/font-awesome.min.css HTTP/1.1" 304 0
[22/May/2015 03:20:33] "GET /static/js/bootstrap.min.js HTTP/1.1" 304 0
[22/May/2015 03:20:33] "GET /static/js/jquery.js HTTP/1.1" 304 0
[22/May/2015 03:20:33] "GET /static/css/stylish-portfolio.css HTTP/1.1" 200 3887
[22/May/2015 03:20:33] "GET /static/img/bg2.jpg HTTP/1.1" 304 0
[22/May/2015 03:20:53] "GET / HTTP/1.1" 200 4698
[22/May/2015 03:20:53] "GET /static/font-awesome/css/font-awesome.min.css HTTP/1.1" 304 0
[22/May/2015 03:20:53] "GET /static/js/jquery.js HTTP/1.1" 304 0
[22/May/2015 03:20:53] "GET /static/css/bootstrap.min.css HTTP/1.1" 304 0
[22/May/2015 03:20:53] "GET /static/js/bootstrap.min.js HTTP/1.1" 304 0
[22/May/2015 03:20:53] "GET /static/css/stylish-portfolio.css HTTP/1.1" 200 3886
[22/May/2015 03:20:54] "GET /static/img/bg2.jpg HTTP/1.1" 304 0
[22/May/2015 03:21:06] "GET / HTTP/1.1" 200 4698
[22/May/2015 03:21:07] "GET /static/css/bootstrap.min.css HTTP/1.1" 304 0
[22/May/2015 03:21:07] "GET /static/js/jquery.js HTTP/1.1" 304 0
[22/May/2015 03:21:07] "GET /static/font-awesome/css/font-awesome.min.css HTTP/1.1" 304 0
[22/May/2015 03:21:07] "GET /static/js/bootstrap.min.js HTTP/1.1" 304 0
[22/May/2015 03:21:07] "GET /static/css/stylish-portfolio.css HTTP/1.1" 200 3904
[22/May/2015 03:21:07] "GET /static/img/bg2.jpg HTTP/1.1" 304 0
[22/May/2015 03:21:12] "GET / HTTP/1.1" 200 4698
[22/May/2015 03:21:12] "GET /static/css/bootstrap.min.css HTTP/1.1" 304 0
[22/May/2015 03:21:12] "GET /static/font-awesome/css/font-awesome.min.css HTTP/1.1" 304 0
[22/May/2015 03:21:12] "GET /static/css/stylish-portfolio.css HTTP/1.1" 200 3905
[22/May/2015 03:21:12] "GET /static/js/jquery.js HTTP/1.1" 304 0
[22/May/2015 03:21:12] "GET /static/js/bootstrap.min.js HTTP/1.1" 304 0
[22/May/2015 03:21:12] "GET /static/img/bg2.jpg HTTP/1.1" 304 0
[22/May/2015 03:21:18] "GET / HTTP/1.1" 200 4698
[22/May/2015 03:21:18] "GET /static/css/bootstrap.min.css HTTP/1.1" 304 0
[22/May/2015 03:21:18] "GET /static/css/stylish-portfolio.css HTTP/1.1" 200 3905
[22/May/2015 03:21:18] "GET /static/font-awesome/css/font-awesome.min.css HTTP/1.1" 304 0
[22/May/2015 03:21:18] "GET /static/js/jquery.js HTTP/1.1" 304 0
[22/May/2015 03:21:18] "GET /static/js/bootstrap.min.js HTTP/1.1" 304 0
[22/May/2015 03:21:18] "GET /static/img/bg2.jpg HTTP/1.1" 304 0
[22/May/2015 03:21:36] "GET / HTTP/1.1" 200 4698
[22/May/2015 03:21:37] "GET /static/js/bootstrap.min.js HTTP/1.1" 304 0
[22/May/2015 03:21:37] "GET /static/css/stylish-portfolio.css HTTP/1.1" 200 3905
[22/May/2015 03:21:37] "GET /static/css/bootstrap.min.css HTTP/1.1" 304 0
[22/May/2015 03:21:37] "GET /static/font-awesome/css/font-awesome.min.css HTTP/1.1" 304 0
[22/May/2015 03:21:37] "GET /static/js/jquery.js HTTP/1.1" 304 0
[22/May/2015 03:21:37] "GET /static/img/bg2.jpg HTTP/1.1" 304 0
[22/May/2015 03:21:55] "GET / HTTP/1.1" 200 4778
[22/May/2015 03:21:55] "GET /static/css/stylish-portfolio.css HTTP/1.1" 304 0
[22/May/2015 03:21:55] "GET /static/css/bootstrap.min.css HTTP/1.1" 304 0
[22/May/2015 03:21:55] "GET /static/font-awesome/css/font-awesome.min.css HTTP/1.1" 304 0
[22/May/2015 03:21:55] "GET /static/js/jquery.js HTTP/1.1" 304 0
[22/May/2015 03:21:55] "GET /static/js/bootstrap.min.js HTTP/1.1" 304 0
[22/May/2015 03:21:55] "GET /static/img/bg2.jpg HTTP/1.1" 304 0
[22/May/2015 03:22:03] "GET / HTTP/1.1" 200 4778
[22/May/2015 03:22:03] "GET /static/js/bootstrap.min.js HTTP/1.1" 304 0
[22/May/2015 03:22:03] "GET /static/css/bootstrap.min.css HTTP/1.1" 304 0
[22/May/2015 03:22:03] "GET /static/js/jquery.js HTTP/1.1" 304 0
[22/May/2015 03:22:03] "GET /static/font-awesome/css/font-awesome.min.css HTTP/1.1" 304 0
[22/May/2015 03:22:03] "GET /static/css/stylish-portfolio.css HTTP/1.1" 200 3905
[22/May/2015 03:22:03] "GET /static/img/bg2.jpg HTTP/1.1" 304 0
[22/May/2015 03:22:11] "GET / HTTP/1.1" 200 4778
[22/May/2015 03:22:11] "GET /static/css/stylish-portfolio.css HTTP/1.1" 200 3889
[22/May/2015 03:22:11] "GET /static/font-awesome/css/font-awesome.min.css HTTP/1.1" 304 0
[22/May/2015 03:22:11] "GET /static/js/jquery.js HTTP/1.1" 304 0
[22/May/2015 03:22:11] "GET /static/css/bootstrap.min.css HTTP/1.1" 304 0
[22/May/2015 03:22:11] "GET /static/js/bootstrap.min.js HTTP/1.1" 304 0
[22/May/2015 03:22:11] "GET /static/img/bg2.jpg HTTP/1.1" 304 0
[22/May/2015 03:22:23] "GET / HTTP/1.1" 200 4778
[22/May/2015 03:22:23] "GET /static/css/bootstrap.min.css HTTP/1.1" 304 0
[22/May/2015 03:22:23] "GET /static/css/stylish-portfolio.css HTTP/1.1" 200 3887
[22/May/2015 03:22:23] "GET /static/font-awesome/css/font-awesome.min.css HTTP/1.1" 304 0
[22/May/2015 03:22:23] "GET /static/js/jquery.js HTTP/1.1" 304 0
[22/May/2015 03:22:23] "GET /static/js/bootstrap.min.js HTTP/1.1" 304 0
[22/May/2015 03:22:23] "GET /static/img/bg2.jpg HTTP/1.1" 304 0
[22/May/2015 03:23:04] "GET / HTTP/1.1" 200 4778
[22/May/2015 03:23:04] "GET /static/css/bootstrap.min.css HTTP/1.1" 304 0
[22/May/2015 03:23:04] "GET /static/font-awesome/css/font-awesome.min.css HTTP/1.1" 304 0
[22/May/2015 03:23:04] "GET /static/css/stylish-portfolio.css HTTP/1.1" 200 3887
[22/May/2015 03:23:04] "GET /static/js/jquery.js HTTP/1.1" 304 0
[22/May/2015 03:23:04] "GET /static/js/bootstrap.min.js HTTP/1.1" 304 0
[22/May/2015 03:23:04] "GET /static/img/bg2.jpg HTTP/1.1" 304 0
[22/May/2015 03:23:32] "GET / HTTP/1.1" 200 4778
[22/May/2015 03:23:32] "GET /static/css/bootstrap.min.css HTTP/1.1" 304 0
[22/May/2015 03:23:32] "GET /static/css/stylish-portfolio.css HTTP/1.1" 200 3887
[22/May/2015 03:23:32] "GET /static/font-awesome/css/font-awesome.min.css HTTP/1.1" 304 0
[22/May/2015 03:23:32] "GET /static/js/jquery.js HTTP/1.1" 304 0
[22/May/2015 03:23:32] "GET /static/js/bootstrap.min.js HTTP/1.1" 304 0
[22/May/2015 03:23:32] "GET /static/img/bg2.jpg HTTP/1.1" 304 0
[22/May/2015 03:24:06] "GET / HTTP/1.1" 200 4778
[22/May/2015 03:24:06] "GET /static/css/stylish-portfolio.css HTTP/1.1" 200 3918
[22/May/2015 03:24:06] "GET /static/font-awesome/css/font-awesome.min.css HTTP/1.1" 304 0
[22/May/2015 03:24:06] "GET /static/js/jquery.js HTTP/1.1" 304 0
[22/May/2015 03:24:06] "GET /static/css/bootstrap.min.css HTTP/1.1" 304 0
[22/May/2015 03:24:06] "GET /static/js/bootstrap.min.js HTTP/1.1" 304 0
[22/May/2015 03:24:06] "GET /static/img/bg2.jpg HTTP/1.1" 304 0
[22/May/2015 03:24:07] "GET / HTTP/1.1" 200 4778
[22/May/2015 03:24:07] "GET /static/css/bootstrap.min.css HTTP/1.1" 304 0
[22/May/2015 03:24:07] "GET /static/css/stylish-portfolio.css HTTP/1.1" 304 0
[22/May/2015 03:24:07] "GET /static/font-awesome/css/font-awesome.min.css HTTP/1.1" 304 0
[22/May/2015 03:24:07] "GET /static/js/jquery.js HTTP/1.1" 304 0
[22/May/2015 03:24:07] "GET /static/js/bootstrap.min.js HTTP/1.1" 304 0
[22/May/2015 03:24:07] "GET /static/img/bg2.jpg HTTP/1.1" 304 0
[22/May/2015 03:24:08] "GET / HTTP/1.1" 200 4778
[22/May/2015 03:24:08] "GET /static/font-awesome/css/font-awesome.min.css HTTP/1.1" 304 0
[22/May/2015 03:24:08] "GET /static/css/bootstrap.min.css HTTP/1.1" 304 0
[22/May/2015 03:24:08] "GET /static/css/stylish-portfolio.css HTTP/1.1" 304 0
[22/May/2015 03:24:08] "GET /static/js/jquery.js HTTP/1.1" 304 0
[22/May/2015 03:24:08] "GET /static/js/bootstrap.min.js HTTP/1.1" 304 0
[22/May/2015 03:24:08] "GET /static/img/bg2.jpg HTTP/1.1" 304 0
[22/May/2015 03:24:33] "GET / HTTP/1.1" 200 4740
[22/May/2015 03:24:33] "GET /static/css/stylish-portfolio.css HTTP/1.1" 304 0
[22/May/2015 03:24:33] "GET /static/css/bootstrap.min.css HTTP/1.1" 304 0
[22/May/2015 03:24:33] "GET /static/font-awesome/css/font-awesome.min.css HTTP/1.1" 304 0
[22/May/2015 03:24:33] "GET /static/js/jquery.js HTTP/1.1" 304 0
[22/May/2015 03:24:33] "GET /static/js/bootstrap.min.js HTTP/1.1" 304 0
[22/May/2015 03:24:33] "GET /static/img/bg2.jpg HTTP/1.1" 304 0
[22/May/2015 03:25:47] "GET / HTTP/1.1" 200 4812
[22/May/2015 03:25:47] "GET /static/css/bootstrap.min.css HTTP/1.1" 304 0
[22/May/2015 03:25:47] "GET /static/font-awesome/css/font-awesome.min.css HTTP/1.1" 304 0
[22/May/2015 03:25:47] "GET /static/js/jquery.js HTTP/1.1" 304 0
[22/May/2015 03:25:47] "GET /static/js/bootstrap.min.js HTTP/1.1" 304 0
[22/May/2015 03:25:47] "GET /static/css/stylish-portfolio.css HTTP/1.1" 304 0
[22/May/2015 03:25:47] "GET /static/img/bg2.jpg HTTP/1.1" 304 0
[22/May/2015 03:25:58] "GET / HTTP/1.1" 200 4825
[22/May/2015 03:25:58] "GET /static/css/bootstrap.min.css HTTP/1.1" 304 0
[22/May/2015 03:25:58] "GET /static/font-awesome/css/font-awesome.min.css HTTP/1.1" 304 0
[22/May/2015 03:25:58] "GET /static/js/bootstrap.min.js HTTP/1.1" 304 0
[22/May/2015 03:25:58] "GET /static/js/jquery.js HTTP/1.1" 304 0
[22/May/2015 03:25:58] "GET /static/css/stylish-portfolio.css HTTP/1.1" 304 0
[22/May/2015 03:25:58] "GET /static/img/bg2.jpg HTTP/1.1" 304 0
[22/May/2015 03:26:09] "GET / HTTP/1.1" 200 4833
[22/May/2015 03:26:09] "GET /static/css/bootstrap.min.css HTTP/1.1" 304 0
[22/May/2015 03:26:09] "GET /static/font-awesome/css/font-awesome.min.css HTTP/1.1" 304 0
[22/May/2015 03:26:09] "GET /static/js/jquery.js HTTP/1.1" 304 0
[22/May/2015 03:26:09] "GET /static/js/bootstrap.min.js HTTP/1.1" 304 0
[22/May/2015 03:26:09] "GET /static/css/stylish-portfolio.css HTTP/1.1" 304 0
[22/May/2015 03:26:10] "GET /static/img/bg2.jpg HTTP/1.1" 304 0
[22/May/2015 03:26:18] "GET / HTTP/1.1" 200 4861
[22/May/2015 03:26:18] "GET /static/css/bootstrap.min.css HTTP/1.1" 304 0
[22/May/2015 03:26:18] "GET /static/js/jquery.js HTTP/1.1" 304 0
[22/May/2015 03:26:18] "GET /static/js/bootstrap.min.js HTTP/1.1" 304 0
[22/May/2015 03:26:18] "GET /static/css/stylish-portfolio.css HTTP/1.1" 304 0
[22/May/2015 03:26:18] "GET /static/font-awesome/css/font-awesome.min.css HTTP/1.1" 304 0
[22/May/2015 03:26:18] "GET /static/img/bg2.jpg HTTP/1.1" 304 0
[22/May/2015 03:27:05] "GET / HTTP/1.1" 200 4930
[22/May/2015 03:27:05] "GET /static/font-awesome/css/font-awesome.min.css HTTP/1.1" 304 0
[22/May/2015 03:27:05] "GET /static/css/bootstrap.min.css HTTP/1.1" 304 0
[22/May/2015 03:27:05] "GET /static/js/jquery.js HTTP/1.1" 304 0
[22/May/2015 03:27:05] "GET /static/js/bootstrap.min.js HTTP/1.1" 304 0
[22/May/2015 03:27:05] "GET /static/css/stylish-portfolio.css HTTP/1.1" 304 0
[22/May/2015 03:27:05] "GET /static/img/bg2.jpg HTTP/1.1" 304 0
[22/May/2015 03:27:20] "GET /heatmap.html HTTP/1.1" 200 7593
[22/May/2015 03:27:37] "GET / HTTP/1.1" 200 4965
[22/May/2015 03:27:37] "GET /static/css/stylish-portfolio.css HTTP/1.1" 304 0
[22/May/2015 03:27:37] "GET /static/css/bootstrap.min.css HTTP/1.1" 304 0
[22/May/2015 03:27:37] "GET /static/font-awesome/css/font-awesome.min.css HTTP/1.1" 304 0
[22/May/2015 03:27:37] "GET /static/js/bootstrap.min.js HTTP/1.1" 304 0
[22/May/2015 03:27:37] "GET /static/js/jquery.js HTTP/1.1" 304 0
[22/May/2015 03:27:37] "GET /static/img/bg2.jpg HTTP/1.1" 304 0
[22/May/2015 03:27:39] "GET / HTTP/1.1" 200 4965
[22/May/2015 03:27:39] "GET /static/css/bootstrap.min.css HTTP/1.1" 304 0
[22/May/2015 03:27:39] "GET /static/js/jquery.js HTTP/1.1" 304 0
[22/May/2015 03:27:39] "GET /static/js/bootstrap.min.js HTTP/1.1" 304 0
[22/May/2015 03:27:39] "GET /static/css/stylish-portfolio.css HTTP/1.1" 304 0
[22/May/2015 03:27:39] "GET /static/font-awesome/css/font-awesome.min.css HTTP/1.1" 304 0
[22/May/2015 03:27:39] "GET /static/img/bg2.jpg HTTP/1.1" 304 0
[22/May/2015 03:28:17] "GET / HTTP/1.1" 200 4960
[22/May/2015 03:28:17] "GET /static/css/bootstrap.min.css HTTP/1.1" 304 0
[22/May/2015 03:28:17] "GET /static/css/stylish-portfolio.css HTTP/1.1" 304 0
[22/May/2015 03:28:17] "GET /static/font-awesome/css/font-awesome.min.css HTTP/1.1" 304 0
[22/May/2015 03:28:17] "GET /static/js/jquery.js HTTP/1.1" 304 0
[22/May/2015 03:28:17] "GET /static/js/bootstrap.min.js HTTP/1.1" 304 0
[22/May/2015 03:28:17] "GET /static/img/bg2.jpg HTTP/1.1" 304 0
[22/May/2015 03:28:32] "GET / HTTP/1.1" 200 4971
[22/May/2015 03:28:32] "GET /static/css/stylish-portfolio.css HTTP/1.1" 304 0
[22/May/2015 03:28:32] "GET /static/css/bootstrap.min.css HTTP/1.1" 304 0
[22/May/2015 03:28:32] "GET /static/font-awesome/css/font-awesome.min.css HTTP/1.1" 304 0
[22/May/2015 03:28:32] "GET /static/js/jquery.js HTTP/1.1" 304 0
[22/May/2015 03:28:32] "GET /static/js/bootstrap.min.js HTTP/1.1" 304 0
[22/May/2015 03:28:32] "GET /static/img/bg2.jpg HTTP/1.1" 304 0
[22/May/2015 03:28:43] "GET / HTTP/1.1" 200 4968
[22/May/2015 03:28:43] "GET /static/css/bootstrap.min.css HTTP/1.1" 304 0
[22/May/2015 03:28:43] "GET /static/css/stylish-portfolio.css HTTP/1.1" 304 0
[22/May/2015 03:28:43] "GET /static/js/jquery.js HTTP/1.1" 304 0
[22/May/2015 03:28:43] "GET /static/font-awesome/css/font-awesome.min.css HTTP/1.1" 304 0
[22/May/2015 03:28:43] "GET /static/js/bootstrap.min.js HTTP/1.1" 304 0
[22/May/2015 03:28:43] "GET /static/img/bg2.jpg HTTP/1.1" 304 0
[22/May/2015 03:29:19] "GET /heatmap.html HTTP/1.1" 200 7593
[22/May/2015 03:29:34] "GET /heatmap.html HTTP/1.1" 200 7593
[22/May/2015 03:29:48] "GET / HTTP/1.1" 200 4968
[22/May/2015 03:29:48] "GET /static/css/bootstrap.min.css HTTP/1.1" 304 0
[22/May/2015 03:29:48] "GET /static/js/bootstrap.min.js HTTP/1.1" 304 0
[22/May/2015 03:29:48] "GET /static/js/jquery.js HTTP/1.1" 304 0
[22/May/2015 03:29:48] "GET /static/font-awesome/css/font-awesome.min.css HTTP/1.1" 304 0
[22/May/2015 03:29:48] "GET /static/css/stylish-portfolio.css HTTP/1.1" 200 3918
[22/May/2015 03:29:48] "GET /static/img/bg2.jpg HTTP/1.1" 200 172066
[22/May/2015 03:29:50] "GET / HTTP/1.1" 200 4968
[22/May/2015 03:29:50] "GET /static/css/bootstrap.min.css HTTP/1.1" 304 0
[22/May/2015 03:29:50] "GET /static/font-awesome/css/font-awesome.min.css HTTP/1.1" 304 0
[22/May/2015 03:29:50] "GET /static/js/jquery.js HTTP/1.1" 304 0
[22/May/2015 03:29:50] "GET /static/css/stylish-portfolio.css HTTP/1.1" 304 0
[22/May/2015 03:29:50] "GET /static/js/bootstrap.min.js HTTP/1.1" 304 0
[22/May/2015 03:29:50] "GET /static/img/bg2.jpg HTTP/1.1" 304 0
[22/May/2015 03:29:52] "GET /heatmap.html HTTP/1.1" 200 7593
[22/May/2015 03:30:11] "GET /circles.html HTTP/1.1" 200 6246
[22/May/2015 03:30:36] "GET /circles.html HTTP/1.1" 200 6246
[22/May/2015 03:31:13] "GET / HTTP/1.1" 200 4968
[22/May/2015 03:31:13] "GET /static/css/stylish-portfolio.css HTTP/1.1" 304 0
[22/May/2015 03:31:13] "GET /static/img/bg2.jpg HTTP/1.1" 304 0
